find_executable: checking for pg_config... -------------------- yes

--------------------

"/usr/local/bin/gcc-4.2 -o conftest -I/Users/Nicollette/.rvm/rubies/ruby-1.9.3-p429/include/ruby-1.9.1/x86_64-darwin13.0.0 -I/Users/Nicollette/.rvm/rubies/ruby-1.9.3-p429/include/ruby-1.9.1/ruby/backward -I/Users/Nicollette/.rvm/rubies/ruby-1.9.3-p429/include/ruby-1.9.1 -I. -I/Applications/Postgres93.app/Contents/MacOS/include -D_XOPEN_SOURCE -D_DARWIN_C_SOURCE   -I/usr/local/opt/libyaml/include -I/usr/local/opt/readline/include -I/usr/local/opt/libxml2/include -I/usr/local/opt/libxslt/include -I/usr/local/opt/libksba/include -I/usr/local/opt/openssl/include  -O3 -ggdb -Wall -Wextra -Wno-unused-parameter -Wno-parentheses -Wno-long-long -Wno-missing-field-initializers -Wpointer-arith -Wwrite-strings -Wdeclaration-after-statement -Wshorten-64-to-32 -Wimplicit-function-declaration  -fno-common -pipe conftest.c  -L. -L/Users/Nicollette/.rvm/rubies/ruby-1.9.3-p429/lib -L/Applications/Postgres93.app/Contents/MacOS/lib -L/usr/local/opt/libyaml/lib -L/usr/local/opt/readline/lib -L/usr/local/opt/libxml2/lib -L/usr/local/opt/libxslt/lib -L/usr/local/opt/libksba/lib -L/usr/local/opt/openssl/lib -L.  -L/usr/local/opt/libyaml/lib -L/usr/local/opt/readline/lib -L/usr/local/opt/libxml2/lib -L/usr/local/opt/libxslt/lib -L/usr/local/opt/libksba/lib -L/usr/local/opt/openssl/lib      -lruby.1.9.1  -lpthread -ldl -lobjc "
checked program was:
/* begin */
1: #include "ruby.h"
2: 
3: int main(int argc, char **argv)
4: {
5:   return 0;
6: }
/* end */

"/usr/local/bin/gcc-4.2 -o conftest -I/Users/Nicollette/.rvm/rubies/ruby-1.9.3-p429/include/ruby-1.9.1/x86_64-darwin13.0.0 -I/Users/Nicollette/.rvm/rubies/ruby-1.9.3-p429/include/ruby-1.9.1/ruby/backward -I/Users/Nicollette/.rvm/rubies/ruby-1.9.3-p429/include/ruby-1.9.1 -I. -I/Applications/Postgres93.app/Contents/MacOS/include -D_XOPEN_SOURCE -D_DARWIN_C_SOURCE   -I/usr/local/opt/libyaml/include -I/usr/local/opt/readline/include -I/usr/local/opt/libxml2/include -I/usr/local/opt/libxslt/include -I/usr/local/opt/libksba/include -I/usr/local/opt/openssl/include  -O3 -ggdb -Wall -Wextra -Wno-unused-parameter -Wno-parentheses -Wno-long-long -Wno-missing-field-initializers -Wpointer-arith -Wwrite-strings -Wdeclaration-after-statement -Wshorten-64-to-32 -Wimplicit-function-declaration  -fno-common -pipe conftest.c  -L. -L/Users/Nicollette/.rvm/rubies/ruby-1.9.3-p429/lib -L/Applications/Postgres93.app/Contents/MacOS/lib -L/usr/local/opt/libyaml/lib -L/usr/local/opt/readline/lib -L/usr/local/opt/libxml2/lib -L/usr/local/opt/libxslt/lib -L/usr/local/opt/libksba/lib -L/usr/local/opt/openssl/lib -L.  -L/usr/local/opt/libyaml/lib -L/usr/local/opt/readline/lib -L/usr/local/opt/libxml2/lib -L/usr/local/opt/libxslt/lib -L/usr/local/opt/libksba/lib -L/usr/local/opt/openssl/lib      -lruby.1.9.1  -Wl,-rpath,/Applications/Postgres93.app/Contents/MacOS/lib -lpthread -ldl -lobjc "
checked program was:
/* begin */
1: #include "ruby.h"
2: 
3: int main() {return 0;}
/* end */

find_header: checking for libpq-fe.h... -------------------- yes

"/usr/local/bin/gcc-4.2 -E -I/Users/Nicollette/.rvm/rubies/ruby-1.9.3-p429/include/ruby-1.9.1/x86_64-darwin13.0.0 -I/Users/Nicollette/.rvm/rubies/ruby-1.9.3-p429/include/ruby-1.9.1/ruby/backward -I/Users/Nicollette/.rvm/rubies/ruby-1.9.3-p429/include/ruby-1.9.1 -I. -I/Applications/Postgres93.app/Contents/MacOS/include -D_XOPEN_SOURCE -D_DARWIN_C_SOURCE   -I/usr/local/opt/libyaml/include -I/usr/local/opt/readline/include -I/usr/local/opt/libxml2/include -I/usr/local/opt/libxslt/include -I/usr/local/opt/libksba/include -I/usr/local/opt/openssl/include  -O3 -ggdb -Wall -Wextra -Wno-unused-parameter -Wno-parentheses -Wno-long-long -Wno-missing-field-initializers -Wpointer-arith -Wwrite-strings -Wdeclaration-after-statement -Wshorten-64-to-32 -Wimplicit-function-declaration  -fno-common -pipe  conftest.c -o conftest.i"
checked program was:
/* begin */
1: #include "ruby.h"
2: 
3: #include <libpq-fe.h>
/* end */

--------------------

find_header: checking for libpq/libpq-fs.h... -------------------- yes

"/usr/local/bin/gcc-4.2 -E -I/Users/Nicollette/.rvm/rubies/ruby-1.9.3-p429/include/ruby-1.9.1/x86_64-darwin13.0.0 -I/Users/Nicollette/.rvm/rubies/ruby-1.9.3-p429/include/ruby-1.9.1/ruby/backward -I/Users/Nicollette/.rvm/rubies/ruby-1.9.3-p429/include/ruby-1.9.1 -I. -I/Applications/Postgres93.app/Contents/MacOS/include -D_XOPEN_SOURCE -D_DARWIN_C_SOURCE   -I/usr/local/opt/libyaml/include -I/usr/local/opt/readline/include -I/usr/local/opt/libxml2/include -I/usr/local/opt/libxslt/include -I/usr/local/opt/libksba/include -I/usr/local/opt/openssl/include  -O3 -ggdb -Wall -Wextra -Wno-unused-parameter -Wno-parentheses -Wno-long-long -Wno-missing-field-initializers -Wpointer-arith -Wwrite-strings -Wdeclaration-after-statement -Wshorten-64-to-32 -Wimplicit-function-declaration  -fno-common -pipe  conftest.c -o conftest.i"
checked program was:
/* begin */
1: #include "ruby.h"
2: 
3: #include <libpq/libpq-fs.h>
/* end */

--------------------

find_header: checking for pg_config_manual.h... -------------------- yes

"/usr/local/bin/gcc-4.2 -E -I/Users/Nicollette/.rvm/rubies/ruby-1.9.3-p429/include/ruby-1.9.1/x86_64-darwin13.0.0 -I/Users/Nicollette/.rvm/rubies/ruby-1.9.3-p429/include/ruby-1.9.1/ruby/backward -I/Users/Nicollette/.rvm/rubies/ruby-1.9.3-p429/include/ruby-1.9.1 -I. -I/Applications/Postgres93.app/Contents/MacOS/include -D_XOPEN_SOURCE -D_DARWIN_C_SOURCE   -I/usr/local/opt/libyaml/include -I/usr/local/opt/readline/include -I/usr/local/opt/libxml2/include -I/usr/local/opt/libxslt/include -I/usr/local/opt/libksba/include -I/usr/local/opt/openssl/include  -O3 -ggdb -Wall -Wextra -Wno-unused-parameter -Wno-parentheses -Wno-long-long -Wno-missing-field-initializers -Wpointer-arith -Wwrite-strings -Wdeclaration-after-statement -Wshorten-64-to-32 -Wimplicit-function-declaration  -fno-common -pipe  conftest.c -o conftest.i"
checked program was:
/* begin */
1: #include "ruby.h"
2: 
3: #include <pg_config_manual.h>
/* end */

--------------------

have_library: checking for PQconnectdb() in -lpq... -------------------- yes

"/usr/local/bin/gcc-4.2 -o conftest -I/Users/Nicollette/.rvm/rubies/ruby-1.9.3-p429/include/ruby-1.9.1/x86_64-darwin13.0.0 -I/Users/Nicollette/.rvm/rubies/ruby-1.9.3-p429/include/ruby-1.9.1/ruby/backward -I/Users/Nicollette/.rvm/rubies/ruby-1.9.3-p429/include/ruby-1.9.1 -I. -I/Applications/Postgres93.app/Contents/MacOS/include -D_XOPEN_SOURCE -D_DARWIN_C_SOURCE   -I/usr/local/opt/libyaml/include -I/usr/local/opt/readline/include -I/usr/local/opt/libxml2/include -I/usr/local/opt/libxslt/include -I/usr/local/opt/libksba/include -I/usr/local/opt/openssl/include  -O3 -ggdb -Wall -Wextra -Wno-unused-parameter -Wno-parentheses -Wno-long-long -Wno-missing-field-initializers -Wpointer-arith -Wwrite-strings -Wdeclaration-after-statement -Wshorten-64-to-32 -Wimplicit-function-declaration  -fno-common -pipe conftest.c  -L. -L/Users/Nicollette/.rvm/rubies/ruby-1.9.3-p429/lib -L/Applications/Postgres93.app/Contents/MacOS/lib -L/usr/local/opt/libyaml/lib -L/usr/local/opt/readline/lib -L/usr/local/opt/libxml2/lib -L/usr/local/opt/libxslt/lib -L/usr/local/opt/libksba/lib -L/usr/local/opt/openssl/lib -L.  -L/usr/local/opt/libyaml/lib -L/usr/local/opt/readline/lib -L/usr/local/opt/libxml2/lib -L/usr/local/opt/libxslt/lib -L/usr/local/opt/libksba/lib -L/usr/local/opt/openssl/lib  -Wl,-rpath,/Applications/Postgres93.app/Contents/MacOS/lib     -lruby.1.9.1 -lpq  -lpthread -ldl -lobjc "
checked program was:
/* begin */
 1: #include "ruby.h"
 2: 
 3: #include <libpq-fe.h>
 4: 
 5: /*top*/
 6: int t() { void ((*volatile p)()); p = (void ((*)()))PQconnectdb; return 0; }
 7: int main(int argc, char **argv)
 8: {
 9:   if (argc > 1000000) {
10:     printf("%p", &t);
11:   }
12: 
13:   return 0;
14: }
/* end */

--------------------

have_func: checking for PQconnectionUsedPassword()... -------------------- yes

"/usr/local/bin/gcc-4.2 -o conftest -I/Users/Nicollette/.rvm/rubies/ruby-1.9.3-p429/include/ruby-1.9.1/x86_64-darwin13.0.0 -I/Users/Nicollette/.rvm/rubies/ruby-1.9.3-p429/include/ruby-1.9.1/ruby/backward -I/Users/Nicollette/.rvm/rubies/ruby-1.9.3-p429/include/ruby-1.9.1 -I. -I/Applications/Postgres93.app/Contents/MacOS/include -D_XOPEN_SOURCE -D_DARWIN_C_SOURCE   -I/usr/local/opt/libyaml/include -I/usr/local/opt/readline/include -I/usr/local/opt/libxml2/include -I/usr/local/opt/libxslt/include -I/usr/local/opt/libksba/include -I/usr/local/opt/openssl/include  -O3 -ggdb -Wall -Wextra -Wno-unused-parameter -Wno-parentheses -Wno-long-long -Wno-missing-field-initializers -Wpointer-arith -Wwrite-strings -Wdeclaration-after-statement -Wshorten-64-to-32 -Wimplicit-function-declaration  -fno-common -pipe conftest.c  -L. -L/Users/Nicollette/.rvm/rubies/ruby-1.9.3-p429/lib -L/Applications/Postgres93.app/Contents/MacOS/lib -L/usr/local/opt/libyaml/lib -L/usr/local/opt/readline/lib -L/usr/local/opt/libxml2/lib -L/usr/local/opt/libxslt/lib -L/usr/local/opt/libksba/lib -L/usr/local/opt/openssl/lib -L.  -L/usr/local/opt/libyaml/lib -L/usr/local/opt/readline/lib -L/usr/local/opt/libxml2/lib -L/usr/local/opt/libxslt/lib -L/usr/local/opt/libksba/lib -L/usr/local/opt/openssl/lib  -Wl,-rpath,/Applications/Postgres93.app/Contents/MacOS/lib    -lpq  -lruby.1.9.1 -lpq  -lpthread -ldl -lobjc "
conftest.c: In function ‘t’:
conftest.c:4: error: ‘PQconnectionUsedPassword’ undeclared (first use in this function)
conftest.c:4: error: (Each undeclared identifier is reported only once
conftest.c:4: error: for each function it appears in.)
checked program was:
/* begin */
 1: #include "ruby.h"
 2: 
 3: /*top*/
 4: int t() { void ((*volatile p)()); p = (void ((*)()))PQconnectionUsedPassword; return 0; }
 5: int main(int argc, char **argv)
 6: {
 7:   if (argc > 1000000) {
 8:     printf("%p", &t);
 9:   }
10: 
11:   return 0;
12: }
/* end */

"/usr/local/bin/gcc-4.2 -o conftest -I/Users/Nicollette/.rvm/rubies/ruby-1.9.3-p429/include/ruby-1.9.1/x86_64-darwin13.0.0 -I/Users/Nicollette/.rvm/rubies/ruby-1.9.3-p429/include/ruby-1.9.1/ruby/backward -I/Users/Nicollette/.rvm/rubies/ruby-1.9.3-p429/include/ruby-1.9.1 -I. -I/Applications/Postgres93.app/Contents/MacOS/include -D_XOPEN_SOURCE -D_DARWIN_C_SOURCE   -I/usr/local/opt/libyaml/include -I/usr/local/opt/readline/include -I/usr/local/opt/libxml2/include -I/usr/local/opt/libxslt/include -I/usr/local/opt/libksba/include -I/usr/local/opt/openssl/include  -O3 -ggdb -Wall -Wextra -Wno-unused-parameter -Wno-parentheses -Wno-long-long -Wno-missing-field-initializers -Wpointer-arith -Wwrite-strings -Wdeclaration-after-statement -Wshorten-64-to-32 -Wimplicit-function-declaration  -fno-common -pipe conftest.c  -L. -L/Users/Nicollette/.rvm/rubies/ruby-1.9.3-p429/lib -L/Applications/Postgres93.app/Contents/MacOS/lib -L/usr/local/opt/libyaml/lib -L/usr/local/opt/readline/lib -L/usr/local/opt/libxml2/lib -L/usr/local/opt/libxslt/lib -L/usr/local/opt/libksba/lib -L/usr/local/opt/openssl/lib -L.  -L/usr/local/opt/libyaml/lib -L/usr/local/opt/readline/lib -L/usr/local/opt/libxml2/lib -L/usr/local/opt/libxslt/lib -L/usr/local/opt/libksba/lib -L/usr/local/opt/openssl/lib  -Wl,-rpath,/Applications/Postgres93.app/Contents/MacOS/lib    -lpq  -lruby.1.9.1 -lpq  -lpthread -ldl -lobjc "
conftest.c: In function ‘t’:
conftest.c:4: warning: implicit declaration of function ‘PQconnectionUsedPassword’
checked program was:
/* begin */
 1: #include "ruby.h"
 2: 
 3: /*top*/
 4: int t() { PQconnectionUsedPassword(); return 0; }
 5: int main(int argc, char **argv)
 6: {
 7:   if (argc > 1000000) {
 8:     printf("%p", &t);
 9:   }
10: 
11:   return 0;
12: }
/* end */

--------------------

have_func: checking for PQisthreadsafe()... -------------------- yes

"/usr/local/bin/gcc-4.2 -o conftest -I/Users/Nicollette/.rvm/rubies/ruby-1.9.3-p429/include/ruby-1.9.1/x86_64-darwin13.0.0 -I/Users/Nicollette/.rvm/rubies/ruby-1.9.3-p429/include/ruby-1.9.1/ruby/backward -I/Users/Nicollette/.rvm/rubies/ruby-1.9.3-p429/include/ruby-1.9.1 -I. -I/Applications/Postgres93.app/Contents/MacOS/include -D_XOPEN_SOURCE -D_DARWIN_C_SOURCE   -I/usr/local/opt/libyaml/include -I/usr/local/opt/readline/include -I/usr/local/opt/libxml2/include -I/usr/local/opt/libxslt/include -I/usr/local/opt/libksba/include -I/usr/local/opt/openssl/include  -O3 -ggdb -Wall -Wextra -Wno-unused-parameter -Wno-parentheses -Wno-long-long -Wno-missing-field-initializers -Wpointer-arith -Wwrite-strings -Wdeclaration-after-statement -Wshorten-64-to-32 -Wimplicit-function-declaration  -fno-common -pipe conftest.c  -L. -L/Users/Nicollette/.rvm/rubies/ruby-1.9.3-p429/lib -L/Applications/Postgres93.app/Contents/MacOS/lib -L/usr/local/opt/libyaml/lib -L/usr/local/opt/readline/lib -L/usr/local/opt/libxml2/lib -L/usr/local/opt/libxslt/lib -L/usr/local/opt/libksba/lib -L/usr/local/opt/openssl/lib -L.  -L/usr/local/opt/libyaml/lib -L/usr/local/opt/readline/lib -L/usr/local/opt/libxml2/lib -L/usr/local/opt/libxslt/lib -L/usr/local/opt/libksba/lib -L/usr/local/opt/openssl/lib  -Wl,-rpath,/Applications/Postgres93.app/Contents/MacOS/lib    -lpq  -lruby.1.9.1 -lpq  -lpthread -ldl -lobjc "
conftest.c: In function ‘t’:
conftest.c:4: error: ‘PQisthreadsafe’ undeclared (first use in this function)
conftest.c:4: error: (Each undeclared identifier is reported only once
conftest.c:4: error: for each function it appears in.)
checked program was:
/* begin */
 1: #include "ruby.h"
 2: 
 3: /*top*/
 4: int t() { void ((*volatile p)()); p = (void ((*)()))PQisthreadsafe; return 0; }
 5: int main(int argc, char **argv)
 6: {
 7:   if (argc > 1000000) {
 8:     printf("%p", &t);
 9:   }
10: 
11:   return 0;
12: }
/* end */

"/usr/local/bin/gcc-4.2 -o conftest -I/Users/Nicollette/.rvm/rubies/ruby-1.9.3-p429/include/ruby-1.9.1/x86_64-darwin13.0.0 -I/Users/Nicollette/.rvm/rubies/ruby-1.9.3-p429/include/ruby-1.9.1/ruby/backward -I/Users/Nicollette/.rvm/rubies/ruby-1.9.3-p429/include/ruby-1.9.1 -I. -I/Applications/Postgres93.app/Contents/MacOS/include -D_XOPEN_SOURCE -D_DARWIN_C_SOURCE   -I/usr/local/opt/libyaml/include -I/usr/local/opt/readline/include -I/usr/local/opt/libxml2/include -I/usr/local/opt/libxslt/include -I/usr/local/opt/libksba/include -I/usr/local/opt/openssl/include  -O3 -ggdb -Wall -Wextra -Wno-unused-parameter -Wno-parentheses -Wno-long-long -Wno-missing-field-initializers -Wpointer-arith -Wwrite-strings -Wdeclaration-after-statement -Wshorten-64-to-32 -Wimplicit-function-declaration  -fno-common -pipe conftest.c  -L. -L/Users/Nicollette/.rvm/rubies/ruby-1.9.3-p429/lib -L/Applications/Postgres93.app/Contents/MacOS/lib -L/usr/local/opt/libyaml/lib -L/usr/local/opt/readline/lib -L/usr/local/opt/libxml2/lib -L/usr/local/opt/libxslt/lib -L/usr/local/opt/libksba/lib -L/usr/local/opt/openssl/lib -L.  -L/usr/local/opt/libyaml/lib -L/usr/local/opt/readline/lib -L/usr/local/opt/libxml2/lib -L/usr/local/opt/libxslt/lib -L/usr/local/opt/libksba/lib -L/usr/local/opt/openssl/lib  -Wl,-rpath,/Applications/Postgres93.app/Contents/MacOS/lib    -lpq  -lruby.1.9.1 -lpq  -lpthread -ldl -lobjc "
conftest.c: In function ‘t’:
conftest.c:4: warning: implicit declaration of function ‘PQisthreadsafe’
checked program was:
/* begin */
 1: #include "ruby.h"
 2: 
 3: /*top*/
 4: int t() { PQisthreadsafe(); return 0; }
 5: int main(int argc, char **argv)
 6: {
 7:   if (argc > 1000000) {
 8:     printf("%p", &t);
 9:   }
10: 
11:   return 0;
12: }
/* end */

--------------------

have_func: checking for PQprepare()... -------------------- yes

"/usr/local/bin/gcc-4.2 -o conftest -I/Users/Nicollette/.rvm/rubies/ruby-1.9.3-p429/include/ruby-1.9.1/x86_64-darwin13.0.0 -I/Users/Nicollette/.rvm/rubies/ruby-1.9.3-p429/include/ruby-1.9.1/ruby/backward -I/Users/Nicollette/.rvm/rubies/ruby-1.9.3-p429/include/ruby-1.9.1 -I. -I/Applications/Postgres93.app/Contents/MacOS/include -D_XOPEN_SOURCE -D_DARWIN_C_SOURCE   -I/usr/local/opt/libyaml/include -I/usr/local/opt/readline/include -I/usr/local/opt/libxml2/include -I/usr/local/opt/libxslt/include -I/usr/local/opt/libksba/include -I/usr/local/opt/openssl/include  -O3 -ggdb -Wall -Wextra -Wno-unused-parameter -Wno-parentheses -Wno-long-long -Wno-missing-field-initializers -Wpointer-arith -Wwrite-strings -Wdeclaration-after-statement -Wshorten-64-to-32 -Wimplicit-function-declaration  -fno-common -pipe conftest.c  -L. -L/Users/Nicollette/.rvm/rubies/ruby-1.9.3-p429/lib -L/Applications/Postgres93.app/Contents/MacOS/lib -L/usr/local/opt/libyaml/lib -L/usr/local/opt/readline/lib -L/usr/local/opt/libxml2/lib -L/usr/local/opt/libxslt/lib -L/usr/local/opt/libksba/lib -L/usr/local/opt/openssl/lib -L.  -L/usr/local/opt/libyaml/lib -L/usr/local/opt/readline/lib -L/usr/local/opt/libxml2/lib -L/usr/local/opt/libxslt/lib -L/usr/local/opt/libksba/lib -L/usr/local/opt/openssl/lib  -Wl,-rpath,/Applications/Postgres93.app/Contents/MacOS/lib    -lpq  -lruby.1.9.1 -lpq  -lpthread -ldl -lobjc "
conftest.c: In function ‘t’:
conftest.c:4: error: ‘PQprepare’ undeclared (first use in this function)
conftest.c:4: error: (Each undeclared identifier is reported only once
conftest.c:4: error: for each function it appears in.)
checked program was:
/* begin */
 1: #include "ruby.h"
 2: 
 3: /*top*/
 4: int t() { void ((*volatile p)()); p = (void ((*)()))PQprepare; return 0; }
 5: int main(int argc, char **argv)
 6: {
 7:   if (argc > 1000000) {
 8:     printf("%p", &t);
 9:   }
10: 
11:   return 0;
12: }
/* end */

"/usr/local/bin/gcc-4.2 -o conftest -I/Users/Nicollette/.rvm/rubies/ruby-1.9.3-p429/include/ruby-1.9.1/x86_64-darwin13.0.0 -I/Users/Nicollette/.rvm/rubies/ruby-1.9.3-p429/include/ruby-1.9.1/ruby/backward -I/Users/Nicollette/.rvm/rubies/ruby-1.9.3-p429/include/ruby-1.9.1 -I. -I/Applications/Postgres93.app/Contents/MacOS/include -D_XOPEN_SOURCE -D_DARWIN_C_SOURCE   -I/usr/local/opt/libyaml/include -I/usr/local/opt/readline/include -I/usr/local/opt/libxml2/include -I/usr/local/opt/libxslt/include -I/usr/local/opt/libksba/include -I/usr/local/opt/openssl/include  -O3 -ggdb -Wall -Wextra -Wno-unused-parameter -Wno-parentheses -Wno-long-long -Wno-missing-field-initializers -Wpointer-arith -Wwrite-strings -Wdeclaration-after-statement -Wshorten-64-to-32 -Wimplicit-function-declaration  -fno-common -pipe conftest.c  -L. -L/Users/Nicollette/.rvm/rubies/ruby-1.9.3-p429/lib -L/Applications/Postgres93.app/Contents/MacOS/lib -L/usr/local/opt/libyaml/lib -L/usr/local/opt/readline/lib -L/usr/local/opt/libxml2/lib -L/usr/local/opt/libxslt/lib -L/usr/local/opt/libksba/lib -L/usr/local/opt/openssl/lib -L.  -L/usr/local/opt/libyaml/lib -L/usr/local/opt/readline/lib -L/usr/local/opt/libxml2/lib -L/usr/local/opt/libxslt/lib -L/usr/local/opt/libksba/lib -L/usr/local/opt/openssl/lib  -Wl,-rpath,/Applications/Postgres93.app/Contents/MacOS/lib    -lpq  -lruby.1.9.1 -lpq  -lpthread -ldl -lobjc "
conftest.c: In function ‘t’:
conftest.c:4: warning: implicit declaration of function ‘PQprepare’
checked program was:
/* begin */
 1: #include "ruby.h"
 2: 
 3: /*top*/
 4: int t() { PQprepare(); return 0; }
 5: int main(int argc, char **argv)
 6: {
 7:   if (argc > 1000000) {
 8:     printf("%p", &t);
 9:   }
10: 
11:   return 0;
12: }
/* end */

--------------------

have_func: checking for PQexecParams()... -------------------- yes

"/usr/local/bin/gcc-4.2 -o conftest -I/Users/Nicollette/.rvm/rubies/ruby-1.9.3-p429/include/ruby-1.9.1/x86_64-darwin13.0.0 -I/Users/Nicollette/.rvm/rubies/ruby-1.9.3-p429/include/ruby-1.9.1/ruby/backward -I/Users/Nicollette/.rvm/rubies/ruby-1.9.3-p429/include/ruby-1.9.1 -I. -I/Applications/Postgres93.app/Contents/MacOS/include -D_XOPEN_SOURCE -D_DARWIN_C_SOURCE   -I/usr/local/opt/libyaml/include -I/usr/local/opt/readline/include -I/usr/local/opt/libxml2/include -I/usr/local/opt/libxslt/include -I/usr/local/opt/libksba/include -I/usr/local/opt/openssl/include  -O3 -ggdb -Wall -Wextra -Wno-unused-parameter -Wno-parentheses -Wno-long-long -Wno-missing-field-initializers -Wpointer-arith -Wwrite-strings -Wdeclaration-after-statement -Wshorten-64-to-32 -Wimplicit-function-declaration  -fno-common -pipe conftest.c  -L. -L/Users/Nicollette/.rvm/rubies/ruby-1.9.3-p429/lib -L/Applications/Postgres93.app/Contents/MacOS/lib -L/usr/local/opt/libyaml/lib -L/usr/local/opt/readline/lib -L/usr/local/opt/libxml2/lib -L/usr/local/opt/libxslt/lib -L/usr/local/opt/libksba/lib -L/usr/local/opt/openssl/lib -L.  -L/usr/local/opt/libyaml/lib -L/usr/local/opt/readline/lib -L/usr/local/opt/libxml2/lib -L/usr/local/opt/libxslt/lib -L/usr/local/opt/libksba/lib -L/usr/local/opt/openssl/lib  -Wl,-rpath,/Applications/Postgres93.app/Contents/MacOS/lib    -lpq  -lruby.1.9.1 -lpq  -lpthread -ldl -lobjc "
conftest.c: In function ‘t’:
conftest.c:4: error: ‘PQexecParams’ undeclared (first use in this function)
conftest.c:4: error: (Each undeclared identifier is reported only once
conftest.c:4: error: for each function it appears in.)
checked program was:
/* begin */
 1: #include "ruby.h"
 2: 
 3: /*top*/
 4: int t() { void ((*volatile p)()); p = (void ((*)()))PQexecParams; return 0; }
 5: int main(int argc, char **argv)
 6: {
 7:   if (argc > 1000000) {
 8:     printf("%p", &t);
 9:   }
10: 
11:   return 0;
12: }
/* end */

"/usr/local/bin/gcc-4.2 -o conftest -I/Users/Nicollette/.rvm/rubies/ruby-1.9.3-p429/include/ruby-1.9.1/x86_64-darwin13.0.0 -I/Users/Nicollette/.rvm/rubies/ruby-1.9.3-p429/include/ruby-1.9.1/ruby/backward -I/Users/Nicollette/.rvm/rubies/ruby-1.9.3-p429/include/ruby-1.9.1 -I. -I/Applications/Postgres93.app/Contents/MacOS/include -D_XOPEN_SOURCE -D_DARWIN_C_SOURCE   -I/usr/local/opt/libyaml/include -I/usr/local/opt/readline/include -I/usr/local/opt/libxml2/include -I/usr/local/opt/libxslt/include -I/usr/local/opt/libksba/include -I/usr/local/opt/openssl/include  -O3 -ggdb -Wall -Wextra -Wno-unused-parameter -Wno-parentheses -Wno-long-long -Wno-missing-field-initializers -Wpointer-arith -Wwrite-strings -Wdeclaration-after-statement -Wshorten-64-to-32 -Wimplicit-function-declaration  -fno-common -pipe conftest.c  -L. -L/Users/Nicollette/.rvm/rubies/ruby-1.9.3-p429/lib -L/Applications/Postgres93.app/Contents/MacOS/lib -L/usr/local/opt/libyaml/lib -L/usr/local/opt/readline/lib -L/usr/local/opt/libxml2/lib -L/usr/local/opt/libxslt/lib -L/usr/local/opt/libksba/lib -L/usr/local/opt/openssl/lib -L.  -L/usr/local/opt/libyaml/lib -L/usr/local/opt/readline/lib -L/usr/local/opt/libxml2/lib -L/usr/local/opt/libxslt/lib -L/usr/local/opt/libksba/lib -L/usr/local/opt/openssl/lib  -Wl,-rpath,/Applications/Postgres93.app/Contents/MacOS/lib    -lpq  -lruby.1.9.1 -lpq  -lpthread -ldl -lobjc "
conftest.c: In function ‘t’:
conftest.c:4: warning: implicit declaration of function ‘PQexecParams’
checked program was:
/* begin */
 1: #include "ruby.h"
 2: 
 3: /*top*/
 4: int t() { PQexecParams(); return 0; }
 5: int main(int argc, char **argv)
 6: {
 7:   if (argc > 1000000) {
 8:     printf("%p", &t);
 9:   }
10: 
11:   return 0;
12: }
/* end */

--------------------

have_func: checking for PQescapeString()... -------------------- yes

"/usr/local/bin/gcc-4.2 -o conftest -I/Users/Nicollette/.rvm/rubies/ruby-1.9.3-p429/include/ruby-1.9.1/x86_64-darwin13.0.0 -I/Users/Nicollette/.rvm/rubies/ruby-1.9.3-p429/include/ruby-1.9.1/ruby/backward -I/Users/Nicollette/.rvm/rubies/ruby-1.9.3-p429/include/ruby-1.9.1 -I. -I/Applications/Postgres93.app/Contents/MacOS/include -D_XOPEN_SOURCE -D_DARWIN_C_SOURCE   -I/usr/local/opt/libyaml/include -I/usr/local/opt/readline/include -I/usr/local/opt/libxml2/include -I/usr/local/opt/libxslt/include -I/usr/local/opt/libksba/include -I/usr/local/opt/openssl/include  -O3 -ggdb -Wall -Wextra -Wno-unused-parameter -Wno-parentheses -Wno-long-long -Wno-missing-field-initializers -Wpointer-arith -Wwrite-strings -Wdeclaration-after-statement -Wshorten-64-to-32 -Wimplicit-function-declaration  -fno-common -pipe conftest.c  -L. -L/Users/Nicollette/.rvm/rubies/ruby-1.9.3-p429/lib -L/Applications/Postgres93.app/Contents/MacOS/lib -L/usr/local/opt/libyaml/lib -L/usr/local/opt/readline/lib -L/usr/local/opt/libxml2/lib -L/usr/local/opt/libxslt/lib -L/usr/local/opt/libksba/lib -L/usr/local/opt/openssl/lib -L.  -L/usr/local/opt/libyaml/lib -L/usr/local/opt/readline/lib -L/usr/local/opt/libxml2/lib -L/usr/local/opt/libxslt/lib -L/usr/local/opt/libksba/lib -L/usr/local/opt/openssl/lib  -Wl,-rpath,/Applications/Postgres93.app/Contents/MacOS/lib    -lpq  -lruby.1.9.1 -lpq  -lpthread -ldl -lobjc "
conftest.c: In function ‘t’:
conftest.c:4: error: ‘PQescapeString’ undeclared (first use in this function)
conftest.c:4: error: (Each undeclared identifier is reported only once
conftest.c:4: error: for each function it appears in.)
checked program was:
/* begin */
 1: #include "ruby.h"
 2: 
 3: /*top*/
 4: int t() { void ((*volatile p)()); p = (void ((*)()))PQescapeString; return 0; }
 5: int main(int argc, char **argv)
 6: {
 7:   if (argc > 1000000) {
 8:     printf("%p", &t);
 9:   }
10: 
11:   return 0;
12: }
/* end */

"/usr/local/bin/gcc-4.2 -o conftest -I/Users/Nicollette/.rvm/rubies/ruby-1.9.3-p429/include/ruby-1.9.1/x86_64-darwin13.0.0 -I/Users/Nicollette/.rvm/rubies/ruby-1.9.3-p429/include/ruby-1.9.1/ruby/backward -I/Users/Nicollette/.rvm/rubies/ruby-1.9.3-p429/include/ruby-1.9.1 -I. -I/Applications/Postgres93.app/Contents/MacOS/include -D_XOPEN_SOURCE -D_DARWIN_C_SOURCE   -I/usr/local/opt/libyaml/include -I/usr/local/opt/readline/include -I/usr/local/opt/libxml2/include -I/usr/local/opt/libxslt/include -I/usr/local/opt/libksba/include -I/usr/local/opt/openssl/include  -O3 -ggdb -Wall -Wextra -Wno-unused-parameter -Wno-parentheses -Wno-long-long -Wno-missing-field-initializers -Wpointer-arith -Wwrite-strings -Wdeclaration-after-statement -Wshorten-64-to-32 -Wimplicit-function-declaration  -fno-common -pipe conftest.c  -L. -L/Users/Nicollette/.rvm/rubies/ruby-1.9.3-p429/lib -L/Applications/Postgres93.app/Contents/MacOS/lib -L/usr/local/opt/libyaml/lib -L/usr/local/opt/readline/lib -L/usr/local/opt/libxml2/lib -L/usr/local/opt/libxslt/lib -L/usr/local/opt/libksba/lib -L/usr/local/opt/openssl/lib -L.  -L/usr/local/opt/libyaml/lib -L/usr/local/opt/readline/lib -L/usr/local/opt/libxml2/lib -L/usr/local/opt/libxslt/lib -L/usr/local/opt/libksba/lib -L/usr/local/opt/openssl/lib  -Wl,-rpath,/Applications/Postgres93.app/Contents/MacOS/lib    -lpq  -lruby.1.9.1 -lpq  -lpthread -ldl -lobjc "
conftest.c: In function ‘t’:
conftest.c:4: warning: implicit declaration of function ‘PQescapeString’
checked program was:
/* begin */
 1: #include "ruby.h"
 2: 
 3: /*top*/
 4: int t() { PQescapeString(); return 0; }
 5: int main(int argc, char **argv)
 6: {
 7:   if (argc > 1000000) {
 8:     printf("%p", &t);
 9:   }
10: 
11:   return 0;
12: }
/* end */

--------------------

have_func: checking for PQescapeStringConn()... -------------------- yes

"/usr/local/bin/gcc-4.2 -o conftest -I/Users/Nicollette/.rvm/rubies/ruby-1.9.3-p429/include/ruby-1.9.1/x86_64-darwin13.0.0 -I/Users/Nicollette/.rvm/rubies/ruby-1.9.3-p429/include/ruby-1.9.1/ruby/backward -I/Users/Nicollette/.rvm/rubies/ruby-1.9.3-p429/include/ruby-1.9.1 -I. -I/Applications/Postgres93.app/Contents/MacOS/include -D_XOPEN_SOURCE -D_DARWIN_C_SOURCE   -I/usr/local/opt/libyaml/include -I/usr/local/opt/readline/include -I/usr/local/opt/libxml2/include -I/usr/local/opt/libxslt/include -I/usr/local/opt/libksba/include -I/usr/local/opt/openssl/include  -O3 -ggdb -Wall -Wextra -Wno-unused-parameter -Wno-parentheses -Wno-long-long -Wno-missing-field-initializers -Wpointer-arith -Wwrite-strings -Wdeclaration-after-statement -Wshorten-64-to-32 -Wimplicit-function-declaration  -fno-common -pipe conftest.c  -L. -L/Users/Nicollette/.rvm/rubies/ruby-1.9.3-p429/lib -L/Applications/Postgres93.app/Contents/MacOS/lib -L/usr/local/opt/libyaml/lib -L/usr/local/opt/readline/lib -L/usr/local/opt/libxml2/lib -L/usr/local/opt/libxslt/lib -L/usr/local/opt/libksba/lib -L/usr/local/opt/openssl/lib -L.  -L/usr/local/opt/libyaml/lib -L/usr/local/opt/readline/lib -L/usr/local/opt/libxml2/lib -L/usr/local/opt/libxslt/lib -L/usr/local/opt/libksba/lib -L/usr/local/opt/openssl/lib  -Wl,-rpath,/Applications/Postgres93.app/Contents/MacOS/lib    -lpq  -lruby.1.9.1 -lpq  -lpthread -ldl -lobjc "
conftest.c: In function ‘t’:
conftest.c:4: error: ‘PQescapeStringConn’ undeclared (first use in this function)
conftest.c:4: error: (Each undeclared identifier is reported only once
conftest.c:4: error: for each function it appears in.)
checked program was:
/* begin */
 1: #include "ruby.h"
 2: 
 3: /*top*/
 4: int t() { void ((*volatile p)()); p = (void ((*)()))PQescapeStringConn; return 0; }
 5: int main(int argc, char **argv)
 6: {
 7:   if (argc > 1000000) {
 8:     printf("%p", &t);
 9:   }
10: 
11:   return 0;
12: }
/* end */

"/usr/local/bin/gcc-4.2 -o conftest -I/Users/Nicollette/.rvm/rubies/ruby-1.9.3-p429/include/ruby-1.9.1/x86_64-darwin13.0.0 -I/Users/Nicollette/.rvm/rubies/ruby-1.9.3-p429/include/ruby-1.9.1/ruby/backward -I/Users/Nicollette/.rvm/rubies/ruby-1.9.3-p429/include/ruby-1.9.1 -I. -I/Applications/Postgres93.app/Contents/MacOS/include -D_XOPEN_SOURCE -D_DARWIN_C_SOURCE   -I/usr/local/opt/libyaml/include -I/usr/local/opt/readline/include -I/usr/local/opt/libxml2/include -I/usr/local/opt/libxslt/include -I/usr/local/opt/libksba/include -I/usr/local/opt/openssl/include  -O3 -ggdb -Wall -Wextra -Wno-unused-parameter -Wno-parentheses -Wno-long-long -Wno-missing-field-initializers -Wpointer-arith -Wwrite-strings -Wdeclaration-after-statement -Wshorten-64-to-32 -Wimplicit-function-declaration  -fno-common -pipe conftest.c  -L. -L/Users/Nicollette/.rvm/rubies/ruby-1.9.3-p429/lib -L/Applications/Postgres93.app/Contents/MacOS/lib -L/usr/local/opt/libyaml/lib -L/usr/local/opt/readline/lib -L/usr/local/opt/libxml2/lib -L/usr/local/opt/libxslt/lib -L/usr/local/opt/libksba/lib -L/usr/local/opt/openssl/lib -L.  -L/usr/local/opt/libyaml/lib -L/usr/local/opt/readline/lib -L/usr/local/opt/libxml2/lib -L/usr/local/opt/libxslt/lib -L/usr/local/opt/libksba/lib -L/usr/local/opt/openssl/lib  -Wl,-rpath,/Applications/Postgres93.app/Contents/MacOS/lib    -lpq  -lruby.1.9.1 -lpq  -lpthread -ldl -lobjc "
conftest.c: In function ‘t’:
conftest.c:4: warning: implicit declaration of function ‘PQescapeStringConn’
checked program was:
/* begin */
 1: #include "ruby.h"
 2: 
 3: /*top*/
 4: int t() { PQescapeStringConn(); return 0; }
 5: int main(int argc, char **argv)
 6: {
 7:   if (argc > 1000000) {
 8:     printf("%p", &t);
 9:   }
10: 
11:   return 0;
12: }
/* end */

--------------------

have_func: checking for PQescapeLiteral()... -------------------- yes

"/usr/local/bin/gcc-4.2 -o conftest -I/Users/Nicollette/.rvm/rubies/ruby-1.9.3-p429/include/ruby-1.9.1/x86_64-darwin13.0.0 -I/Users/Nicollette/.rvm/rubies/ruby-1.9.3-p429/include/ruby-1.9.1/ruby/backward -I/Users/Nicollette/.rvm/rubies/ruby-1.9.3-p429/include/ruby-1.9.1 -I. -I/Applications/Postgres93.app/Contents/MacOS/include -D_XOPEN_SOURCE -D_DARWIN_C_SOURCE   -I/usr/local/opt/libyaml/include -I/usr/local/opt/readline/include -I/usr/local/opt/libxml2/include -I/usr/local/opt/libxslt/include -I/usr/local/opt/libksba/include -I/usr/local/opt/openssl/include  -O3 -ggdb -Wall -Wextra -Wno-unused-parameter -Wno-parentheses -Wno-long-long -Wno-missing-field-initializers -Wpointer-arith -Wwrite-strings -Wdeclaration-after-statement -Wshorten-64-to-32 -Wimplicit-function-declaration  -fno-common -pipe conftest.c  -L. -L/Users/Nicollette/.rvm/rubies/ruby-1.9.3-p429/lib -L/Applications/Postgres93.app/Contents/MacOS/lib -L/usr/local/opt/libyaml/lib -L/usr/local/opt/readline/lib -L/usr/local/opt/libxml2/lib -L/usr/local/opt/libxslt/lib -L/usr/local/opt/libksba/lib -L/usr/local/opt/openssl/lib -L.  -L/usr/local/opt/libyaml/lib -L/usr/local/opt/readline/lib -L/usr/local/opt/libxml2/lib -L/usr/local/opt/libxslt/lib -L/usr/local/opt/libksba/lib -L/usr/local/opt/openssl/lib  -Wl,-rpath,/Applications/Postgres93.app/Contents/MacOS/lib    -lpq  -lruby.1.9.1 -lpq  -lpthread -ldl -lobjc "
conftest.c: In function ‘t’:
conftest.c:4: error: ‘PQescapeLiteral’ undeclared (first use in this function)
conftest.c:4: error: (Each undeclared identifier is reported only once
conftest.c:4: error: for each function it appears in.)
checked program was:
/* begin */
 1: #include "ruby.h"
 2: 
 3: /*top*/
 4: int t() { void ((*volatile p)()); p = (void ((*)()))PQescapeLiteral; return 0; }
 5: int main(int argc, char **argv)
 6: {
 7:   if (argc > 1000000) {
 8:     printf("%p", &t);
 9:   }
10: 
11:   return 0;
12: }
/* end */

"/usr/local/bin/gcc-4.2 -o conftest -I/Users/Nicollette/.rvm/rubies/ruby-1.9.3-p429/include/ruby-1.9.1/x86_64-darwin13.0.0 -I/Users/Nicollette/.rvm/rubies/ruby-1.9.3-p429/include/ruby-1.9.1/ruby/backward -I/Users/Nicollette/.rvm/rubies/ruby-1.9.3-p429/include/ruby-1.9.1 -I. -I/Applications/Postgres93.app/Contents/MacOS/include -D_XOPEN_SOURCE -D_DARWIN_C_SOURCE   -I/usr/local/opt/libyaml/include -I/usr/local/opt/readline/include -I/usr/local/opt/libxml2/include -I/usr/local/opt/libxslt/include -I/usr/local/opt/libksba/include -I/usr/local/opt/openssl/include  -O3 -ggdb -Wall -Wextra -Wno-unused-parameter -Wno-parentheses -Wno-long-long -Wno-missing-field-initializers -Wpointer-arith -Wwrite-strings -Wdeclaration-after-statement -Wshorten-64-to-32 -Wimplicit-function-declaration  -fno-common -pipe conftest.c  -L. -L/Users/Nicollette/.rvm/rubies/ruby-1.9.3-p429/lib -L/Applications/Postgres93.app/Contents/MacOS/lib -L/usr/local/opt/libyaml/lib -L/usr/local/opt/readline/lib -L/usr/local/opt/libxml2/lib -L/usr/local/opt/libxslt/lib -L/usr/local/opt/libksba/lib -L/usr/local/opt/openssl/lib -L.  -L/usr/local/opt/libyaml/lib -L/usr/local/opt/readline/lib -L/usr/local/opt/libxml2/lib -L/usr/local/opt/libxslt/lib -L/usr/local/opt/libksba/lib -L/usr/local/opt/openssl/lib  -Wl,-rpath,/Applications/Postgres93.app/Contents/MacOS/lib    -lpq  -lruby.1.9.1 -lpq  -lpthread -ldl -lobjc "
conftest.c: In function ‘t’:
conftest.c:4: warning: implicit declaration of function ‘PQescapeLiteral’
checked program was:
/* begin */
 1: #include "ruby.h"
 2: 
 3: /*top*/
 4: int t() { PQescapeLiteral(); return 0; }
 5: int main(int argc, char **argv)
 6: {
 7:   if (argc > 1000000) {
 8:     printf("%p", &t);
 9:   }
10: 
11:   return 0;
12: }
/* end */

--------------------

have_func: checking for PQescapeIdentifier()... -------------------- yes

"/usr/local/bin/gcc-4.2 -o conftest -I/Users/Nicollette/.rvm/rubies/ruby-1.9.3-p429/include/ruby-1.9.1/x86_64-darwin13.0.0 -I/Users/Nicollette/.rvm/rubies/ruby-1.9.3-p429/include/ruby-1.9.1/ruby/backward -I/Users/Nicollette/.rvm/rubies/ruby-1.9.3-p429/include/ruby-1.9.1 -I. -I/Applications/Postgres93.app/Contents/MacOS/include -D_XOPEN_SOURCE -D_DARWIN_C_SOURCE   -I/usr/local/opt/libyaml/include -I/usr/local/opt/readline/include -I/usr/local/opt/libxml2/include -I/usr/local/opt/libxslt/include -I/usr/local/opt/libksba/include -I/usr/local/opt/openssl/include  -O3 -ggdb -Wall -Wextra -Wno-unused-parameter -Wno-parentheses -Wno-long-long -Wno-missing-field-initializers -Wpointer-arith -Wwrite-strings -Wdeclaration-after-statement -Wshorten-64-to-32 -Wimplicit-function-declaration  -fno-common -pipe conftest.c  -L. -L/Users/Nicollette/.rvm/rubies/ruby-1.9.3-p429/lib -L/Applications/Postgres93.app/Contents/MacOS/lib -L/usr/local/opt/libyaml/lib -L/usr/local/opt/readline/lib -L/usr/local/opt/libxml2/lib -L/usr/local/opt/libxslt/lib -L/usr/local/opt/libksba/lib -L/usr/local/opt/openssl/lib -L.  -L/usr/local/opt/libyaml/lib -L/usr/local/opt/readline/lib -L/usr/local/opt/libxml2/lib -L/usr/local/opt/libxslt/lib -L/usr/local/opt/libksba/lib -L/usr/local/opt/openssl/lib  -Wl,-rpath,/Applications/Postgres93.app/Contents/MacOS/lib    -lpq  -lruby.1.9.1 -lpq  -lpthread -ldl -lobjc "
conftest.c: In function ‘t’:
conftest.c:4: error: ‘PQescapeIdentifier’ undeclared (first use in this function)
conftest.c:4: error: (Each undeclared identifier is reported only once
conftest.c:4: error: for each function it appears in.)
checked program was:
/* begin */
 1: #include "ruby.h"
 2: 
 3: /*top*/
 4: int t() { void ((*volatile p)()); p = (void ((*)()))PQescapeIdentifier; return 0; }
 5: int main(int argc, char **argv)
 6: {
 7:   if (argc > 1000000) {
 8:     printf("%p", &t);
 9:   }
10: 
11:   return 0;
12: }
/* end */

"/usr/local/bin/gcc-4.2 -o conftest -I/Users/Nicollette/.rvm/rubies/ruby-1.9.3-p429/include/ruby-1.9.1/x86_64-darwin13.0.0 -I/Users/Nicollette/.rvm/rubies/ruby-1.9.3-p429/include/ruby-1.9.1/ruby/backward -I/Users/Nicollette/.rvm/rubies/ruby-1.9.3-p429/include/ruby-1.9.1 -I. -I/Applications/Postgres93.app/Contents/MacOS/include -D_XOPEN_SOURCE -D_DARWIN_C_SOURCE   -I/usr/local/opt/libyaml/include -I/usr/local/opt/readline/include -I/usr/local/opt/libxml2/include -I/usr/local/opt/libxslt/include -I/usr/local/opt/libksba/include -I/usr/local/opt/openssl/include  -O3 -ggdb -Wall -Wextra -Wno-unused-parameter -Wno-parentheses -Wno-long-long -Wno-missing-field-initializers -Wpointer-arith -Wwrite-strings -Wdeclaration-after-statement -Wshorten-64-to-32 -Wimplicit-function-declaration  -fno-common -pipe conftest.c  -L. -L/Users/Nicollette/.rvm/rubies/ruby-1.9.3-p429/lib -L/Applications/Postgres93.app/Contents/MacOS/lib -L/usr/local/opt/libyaml/lib -L/usr/local/opt/readline/lib -L/usr/local/opt/libxml2/lib -L/usr/local/opt/libxslt/lib -L/usr/local/opt/libksba/lib -L/usr/local/opt/openssl/lib -L.  -L/usr/local/opt/libyaml/lib -L/usr/local/opt/readline/lib -L/usr/local/opt/libxml2/lib -L/usr/local/opt/libxslt/lib -L/usr/local/opt/libksba/lib -L/usr/local/opt/openssl/lib  -Wl,-rpath,/Applications/Postgres93.app/Contents/MacOS/lib    -lpq  -lruby.1.9.1 -lpq  -lpthread -ldl -lobjc "
conftest.c: In function ‘t’:
conftest.c:4: warning: implicit declaration of function ‘PQescapeIdentifier’
checked program was:
/* begin */
 1: #include "ruby.h"
 2: 
 3: /*top*/
 4: int t() { PQescapeIdentifier(); return 0; }
 5: int main(int argc, char **argv)
 6: {
 7:   if (argc > 1000000) {
 8:     printf("%p", &t);
 9:   }
10: 
11:   return 0;
12: }
/* end */

--------------------

have_func: checking for PQgetCancel()... -------------------- yes

"/usr/local/bin/gcc-4.2 -o conftest -I/Users/Nicollette/.rvm/rubies/ruby-1.9.3-p429/include/ruby-1.9.1/x86_64-darwin13.0.0 -I/Users/Nicollette/.rvm/rubies/ruby-1.9.3-p429/include/ruby-1.9.1/ruby/backward -I/Users/Nicollette/.rvm/rubies/ruby-1.9.3-p429/include/ruby-1.9.1 -I. -I/Applications/Postgres93.app/Contents/MacOS/include -D_XOPEN_SOURCE -D_DARWIN_C_SOURCE   -I/usr/local/opt/libyaml/include -I/usr/local/opt/readline/include -I/usr/local/opt/libxml2/include -I/usr/local/opt/libxslt/include -I/usr/local/opt/libksba/include -I/usr/local/opt/openssl/include  -O3 -ggdb -Wall -Wextra -Wno-unused-parameter -Wno-parentheses -Wno-long-long -Wno-missing-field-initializers -Wpointer-arith -Wwrite-strings -Wdeclaration-after-statement -Wshorten-64-to-32 -Wimplicit-function-declaration  -fno-common -pipe conftest.c  -L. -L/Users/Nicollette/.rvm/rubies/ruby-1.9.3-p429/lib -L/Applications/Postgres93.app/Contents/MacOS/lib -L/usr/local/opt/libyaml/lib -L/usr/local/opt/readline/lib -L/usr/local/opt/libxml2/lib -L/usr/local/opt/libxslt/lib -L/usr/local/opt/libksba/lib -L/usr/local/opt/openssl/lib -L.  -L/usr/local/opt/libyaml/lib -L/usr/local/opt/readline/lib -L/usr/local/opt/libxml2/lib -L/usr/local/opt/libxslt/lib -L/usr/local/opt/libksba/lib -L/usr/local/opt/openssl/lib  -Wl,-rpath,/Applications/Postgres93.app/Contents/MacOS/lib    -lpq  -lruby.1.9.1 -lpq  -lpthread -ldl -lobjc "
conftest.c: In function ‘t’:
conftest.c:4: error: ‘PQgetCancel’ undeclared (first use in this function)
conftest.c:4: error: (Each undeclared identifier is reported only once
conftest.c:4: error: for each function it appears in.)
checked program was:
/* begin */
 1: #include "ruby.h"
 2: 
 3: /*top*/
 4: int t() { void ((*volatile p)()); p = (void ((*)()))PQgetCancel; return 0; }
 5: int main(int argc, char **argv)
 6: {
 7:   if (argc > 1000000) {
 8:     printf("%p", &t);
 9:   }
10: 
11:   return 0;
12: }
/* end */

"/usr/local/bin/gcc-4.2 -o conftest -I/Users/Nicollette/.rvm/rubies/ruby-1.9.3-p429/include/ruby-1.9.1/x86_64-darwin13.0.0 -I/Users/Nicollette/.rvm/rubies/ruby-1.9.3-p429/include/ruby-1.9.1/ruby/backward -I/Users/Nicollette/.rvm/rubies/ruby-1.9.3-p429/include/ruby-1.9.1 -I. -I/Applications/Postgres93.app/Contents/MacOS/include -D_XOPEN_SOURCE -D_DARWIN_C_SOURCE   -I/usr/local/opt/libyaml/include -I/usr/local/opt/readline/include -I/usr/local/opt/libxml2/include -I/usr/local/opt/libxslt/include -I/usr/local/opt/libksba/include -I/usr/local/opt/openssl/include  -O3 -ggdb -Wall -Wextra -Wno-unused-parameter -Wno-parentheses -Wno-long-long -Wno-missing-field-initializers -Wpointer-arith -Wwrite-strings -Wdeclaration-after-statement -Wshorten-64-to-32 -Wimplicit-function-declaration  -fno-common -pipe conftest.c  -L. -L/Users/Nicollette/.rvm/rubies/ruby-1.9.3-p429/lib -L/Applications/Postgres93.app/Contents/MacOS/lib -L/usr/local/opt/libyaml/lib -L/usr/local/opt/readline/lib -L/usr/local/opt/libxml2/lib -L/usr/local/opt/libxslt/lib -L/usr/local/opt/libksba/lib -L/usr/local/opt/openssl/lib -L.  -L/usr/local/opt/libyaml/lib -L/usr/local/opt/readline/lib -L/usr/local/opt/libxml2/lib -L/usr/local/opt/libxslt/lib -L/usr/local/opt/libksba/lib -L/usr/local/opt/openssl/lib  -Wl,-rpath,/Applications/Postgres93.app/Contents/MacOS/lib    -lpq  -lruby.1.9.1 -lpq  -lpthread -ldl -lobjc "
conftest.c: In function ‘t’:
conftest.c:4: warning: implicit declaration of function ‘PQgetCancel’
checked program was:
/* begin */
 1: #include "ruby.h"
 2: 
 3: /*top*/
 4: int t() { PQgetCancel(); return 0; }
 5: int main(int argc, char **argv)
 6: {
 7:   if (argc > 1000000) {
 8:     printf("%p", &t);
 9:   }
10: 
11:   return 0;
12: }
/* end */

--------------------

have_func: checking for lo_create()... -------------------- yes

"/usr/local/bin/gcc-4.2 -o conftest -I/Users/Nicollette/.rvm/rubies/ruby-1.9.3-p429/include/ruby-1.9.1/x86_64-darwin13.0.0 -I/Users/Nicollette/.rvm/rubies/ruby-1.9.3-p429/include/ruby-1.9.1/ruby/backward -I/Users/Nicollette/.rvm/rubies/ruby-1.9.3-p429/include/ruby-1.9.1 -I. -I/Applications/Postgres93.app/Contents/MacOS/include -D_XOPEN_SOURCE -D_DARWIN_C_SOURCE   -I/usr/local/opt/libyaml/include -I/usr/local/opt/readline/include -I/usr/local/opt/libxml2/include -I/usr/local/opt/libxslt/include -I/usr/local/opt/libksba/include -I/usr/local/opt/openssl/include  -O3 -ggdb -Wall -Wextra -Wno-unused-parameter -Wno-parentheses -Wno-long-long -Wno-missing-field-initializers -Wpointer-arith -Wwrite-strings -Wdeclaration-after-statement -Wshorten-64-to-32 -Wimplicit-function-declaration  -fno-common -pipe conftest.c  -L. -L/Users/Nicollette/.rvm/rubies/ruby-1.9.3-p429/lib -L/Applications/Postgres93.app/Contents/MacOS/lib -L/usr/local/opt/libyaml/lib -L/usr/local/opt/readline/lib -L/usr/local/opt/libxml2/lib -L/usr/local/opt/libxslt/lib -L/usr/local/opt/libksba/lib -L/usr/local/opt/openssl/lib -L.  -L/usr/local/opt/libyaml/lib -L/usr/local/opt/readline/lib -L/usr/local/opt/libxml2/lib -L/usr/local/opt/libxslt/lib -L/usr/local/opt/libksba/lib -L/usr/local/opt/openssl/lib  -Wl,-rpath,/Applications/Postgres93.app/Contents/MacOS/lib    -lpq  -lruby.1.9.1 -lpq  -lpthread -ldl -lobjc "
conftest.c: In function ‘t’:
conftest.c:4: error: ‘lo_create’ undeclared (first use in this function)
conftest.c:4: error: (Each undeclared identifier is reported only once
conftest.c:4: error: for each function it appears in.)
checked program was:
/* begin */
 1: #include "ruby.h"
 2: 
 3: /*top*/
 4: int t() { void ((*volatile p)()); p = (void ((*)()))lo_create; return 0; }
 5: int main(int argc, char **argv)
 6: {
 7:   if (argc > 1000000) {
 8:     printf("%p", &t);
 9:   }
10: 
11:   return 0;
12: }
/* end */

"/usr/local/bin/gcc-4.2 -o conftest -I/Users/Nicollette/.rvm/rubies/ruby-1.9.3-p429/include/ruby-1.9.1/x86_64-darwin13.0.0 -I/Users/Nicollette/.rvm/rubies/ruby-1.9.3-p429/include/ruby-1.9.1/ruby/backward -I/Users/Nicollette/.rvm/rubies/ruby-1.9.3-p429/include/ruby-1.9.1 -I. -I/Applications/Postgres93.app/Contents/MacOS/include -D_XOPEN_SOURCE -D_DARWIN_C_SOURCE   -I/usr/local/opt/libyaml/include -I/usr/local/opt/readline/include -I/usr/local/opt/libxml2/include -I/usr/local/opt/libxslt/include -I/usr/local/opt/libksba/include -I/usr/local/opt/openssl/include  -O3 -ggdb -Wall -Wextra -Wno-unused-parameter -Wno-parentheses -Wno-long-long -Wno-missing-field-initializers -Wpointer-arith -Wwrite-strings -Wdeclaration-after-statement -Wshorten-64-to-32 -Wimplicit-function-declaration  -fno-common -pipe conftest.c  -L. -L/Users/Nicollette/.rvm/rubies/ruby-1.9.3-p429/lib -L/Applications/Postgres93.app/Contents/MacOS/lib -L/usr/local/opt/libyaml/lib -L/usr/local/opt/readline/lib -L/usr/local/opt/libxml2/lib -L/usr/local/opt/libxslt/lib -L/usr/local/opt/libksba/lib -L/usr/local/opt/openssl/lib -L.  -L/usr/local/opt/libyaml/lib -L/usr/local/opt/readline/lib -L/usr/local/opt/libxml2/lib -L/usr/local/opt/libxslt/lib -L/usr/local/opt/libksba/lib -L/usr/local/opt/openssl/lib  -Wl,-rpath,/Applications/Postgres93.app/Contents/MacOS/lib    -lpq  -lruby.1.9.1 -lpq  -lpthread -ldl -lobjc "
conftest.c: In function ‘t’:
conftest.c:4: warning: implicit declaration of function ‘lo_create’
checked program was:
/* begin */
 1: #include "ruby.h"
 2: 
 3: /*top*/
 4: int t() { lo_create(); return 0; }
 5: int main(int argc, char **argv)
 6: {
 7:   if (argc > 1000000) {
 8:     printf("%p", &t);
 9:   }
10: 
11:   return 0;
12: }
/* end */

--------------------

have_func: checking for pg_encoding_to_char()... -------------------- yes

"/usr/local/bin/gcc-4.2 -o conftest -I/Users/Nicollette/.rvm/rubies/ruby-1.9.3-p429/include/ruby-1.9.1/x86_64-darwin13.0.0 -I/Users/Nicollette/.rvm/rubies/ruby-1.9.3-p429/include/ruby-1.9.1/ruby/backward -I/Users/Nicollette/.rvm/rubies/ruby-1.9.3-p429/include/ruby-1.9.1 -I. -I/Applications/Postgres93.app/Contents/MacOS/include -D_XOPEN_SOURCE -D_DARWIN_C_SOURCE   -I/usr/local/opt/libyaml/include -I/usr/local/opt/readline/include -I/usr/local/opt/libxml2/include -I/usr/local/opt/libxslt/include -I/usr/local/opt/libksba/include -I/usr/local/opt/openssl/include  -O3 -ggdb -Wall -Wextra -Wno-unused-parameter -Wno-parentheses -Wno-long-long -Wno-missing-field-initializers -Wpointer-arith -Wwrite-strings -Wdeclaration-after-statement -Wshorten-64-to-32 -Wimplicit-function-declaration  -fno-common -pipe conftest.c  -L. -L/Users/Nicollette/.rvm/rubies/ruby-1.9.3-p429/lib -L/Applications/Postgres93.app/Contents/MacOS/lib -L/usr/local/opt/libyaml/lib -L/usr/local/opt/readline/lib -L/usr/local/opt/libxml2/lib -L/usr/local/opt/libxslt/lib -L/usr/local/opt/libksba/lib -L/usr/local/opt/openssl/lib -L.  -L/usr/local/opt/libyaml/lib -L/usr/local/opt/readline/lib -L/usr/local/opt/libxml2/lib -L/usr/local/opt/libxslt/lib -L/usr/local/opt/libksba/lib -L/usr/local/opt/openssl/lib  -Wl,-rpath,/Applications/Postgres93.app/Contents/MacOS/lib    -lpq  -lruby.1.9.1 -lpq  -lpthread -ldl -lobjc "
conftest.c: In function ‘t’:
conftest.c:4: error: ‘pg_encoding_to_char’ undeclared (first use in this function)
conftest.c:4: error: (Each undeclared identifier is reported only once
conftest.c:4: error: for each function it appears in.)
checked program was:
/* begin */
 1: #include "ruby.h"
 2: 
 3: /*top*/
 4: int t() { void ((*volatile p)()); p = (void ((*)()))pg_encoding_to_char; return 0; }
 5: int main(int argc, char **argv)
 6: {
 7:   if (argc > 1000000) {
 8:     printf("%p", &t);
 9:   }
10: 
11:   return 0;
12: }
/* end */

"/usr/local/bin/gcc-4.2 -o conftest -I/Users/Nicollette/.rvm/rubies/ruby-1.9.3-p429/include/ruby-1.9.1/x86_64-darwin13.0.0 -I/Users/Nicollette/.rvm/rubies/ruby-1.9.3-p429/include/ruby-1.9.1/ruby/backward -I/Users/Nicollette/.rvm/rubies/ruby-1.9.3-p429/include/ruby-1.9.1 -I. -I/Applications/Postgres93.app/Contents/MacOS/include -D_XOPEN_SOURCE -D_DARWIN_C_SOURCE   -I/usr/local/opt/libyaml/include -I/usr/local/opt/readline/include -I/usr/local/opt/libxml2/include -I/usr/local/opt/libxslt/include -I/usr/local/opt/libksba/include -I/usr/local/opt/openssl/include  -O3 -ggdb -Wall -Wextra -Wno-unused-parameter -Wno-parentheses -Wno-long-long -Wno-missing-field-initializers -Wpointer-arith -Wwrite-strings -Wdeclaration-after-statement -Wshorten-64-to-32 -Wimplicit-function-declaration  -fno-common -pipe conftest.c  -L. -L/Users/Nicollette/.rvm/rubies/ruby-1.9.3-p429/lib -L/Applications/Postgres93.app/Contents/MacOS/lib -L/usr/local/opt/libyaml/lib -L/usr/local/opt/readline/lib -L/usr/local/opt/libxml2/lib -L/usr/local/opt/libxslt/lib -L/usr/local/opt/libksba/lib -L/usr/local/opt/openssl/lib -L.  -L/usr/local/opt/libyaml/lib -L/usr/local/opt/readline/lib -L/usr/local/opt/libxml2/lib -L/usr/local/opt/libxslt/lib -L/usr/local/opt/libksba/lib -L/usr/local/opt/openssl/lib  -Wl,-rpath,/Applications/Postgres93.app/Contents/MacOS/lib    -lpq  -lruby.1.9.1 -lpq  -lpthread -ldl -lobjc "
conftest.c: In function ‘t’:
conftest.c:4: warning: implicit declaration of function ‘pg_encoding_to_char’
checked program was:
/* begin */
 1: #include "ruby.h"
 2: 
 3: /*top*/
 4: int t() { pg_encoding_to_char(); return 0; }
 5: int main(int argc, char **argv)
 6: {
 7:   if (argc > 1000000) {
 8:     printf("%p", &t);
 9:   }
10: 
11:   return 0;
12: }
/* end */

--------------------

have_func: checking for pg_char_to_encoding()... -------------------- yes

"/usr/local/bin/gcc-4.2 -o conftest -I/Users/Nicollette/.rvm/rubies/ruby-1.9.3-p429/include/ruby-1.9.1/x86_64-darwin13.0.0 -I/Users/Nicollette/.rvm/rubies/ruby-1.9.3-p429/include/ruby-1.9.1/ruby/backward -I/Users/Nicollette/.rvm/rubies/ruby-1.9.3-p429/include/ruby-1.9.1 -I. -I/Applications/Postgres93.app/Contents/MacOS/include -D_XOPEN_SOURCE -D_DARWIN_C_SOURCE   -I/usr/local/opt/libyaml/include -I/usr/local/opt/readline/include -I/usr/local/opt/libxml2/include -I/usr/local/opt/libxslt/include -I/usr/local/opt/libksba/include -I/usr/local/opt/openssl/include  -O3 -ggdb -Wall -Wextra -Wno-unused-parameter -Wno-parentheses -Wno-long-long -Wno-missing-field-initializers -Wpointer-arith -Wwrite-strings -Wdeclaration-after-statement -Wshorten-64-to-32 -Wimplicit-function-declaration  -fno-common -pipe conftest.c  -L. -L/Users/Nicollette/.rvm/rubies/ruby-1.9.3-p429/lib -L/Applications/Postgres93.app/Contents/MacOS/lib -L/usr/local/opt/libyaml/lib -L/usr/local/opt/readline/lib -L/usr/local/opt/libxml2/lib -L/usr/local/opt/libxslt/lib -L/usr/local/opt/libksba/lib -L/usr/local/opt/openssl/lib -L.  -L/usr/local/opt/libyaml/lib -L/usr/local/opt/readline/lib -L/usr/local/opt/libxml2/lib -L/usr/local/opt/libxslt/lib -L/usr/local/opt/libksba/lib -L/usr/local/opt/openssl/lib  -Wl,-rpath,/Applications/Postgres93.app/Contents/MacOS/lib    -lpq  -lruby.1.9.1 -lpq  -lpthread -ldl -lobjc "
conftest.c: In function ‘t’:
conftest.c:4: error: ‘pg_char_to_encoding’ undeclared (first use in this function)
conftest.c:4: error: (Each undeclared identifier is reported only once
conftest.c:4: error: for each function it appears in.)
checked program was:
/* begin */
 1: #include "ruby.h"
 2: 
 3: /*top*/
 4: int t() { void ((*volatile p)()); p = (void ((*)()))pg_char_to_encoding; return 0; }
 5: int main(int argc, char **argv)
 6: {
 7:   if (argc > 1000000) {
 8:     printf("%p", &t);
 9:   }
10: 
11:   return 0;
12: }
/* end */

"/usr/local/bin/gcc-4.2 -o conftest -I/Users/Nicollette/.rvm/rubies/ruby-1.9.3-p429/include/ruby-1.9.1/x86_64-darwin13.0.0 -I/Users/Nicollette/.rvm/rubies/ruby-1.9.3-p429/include/ruby-1.9.1/ruby/backward -I/Users/Nicollette/.rvm/rubies/ruby-1.9.3-p429/include/ruby-1.9.1 -I. -I/Applications/Postgres93.app/Contents/MacOS/include -D_XOPEN_SOURCE -D_DARWIN_C_SOURCE   -I/usr/local/opt/libyaml/include -I/usr/local/opt/readline/include -I/usr/local/opt/libxml2/include -I/usr/local/opt/libxslt/include -I/usr/local/opt/libksba/include -I/usr/local/opt/openssl/include  -O3 -ggdb -Wall -Wextra -Wno-unused-parameter -Wno-parentheses -Wno-long-long -Wno-missing-field-initializers -Wpointer-arith -Wwrite-strings -Wdeclaration-after-statement -Wshorten-64-to-32 -Wimplicit-function-declaration  -fno-common -pipe conftest.c  -L. -L/Users/Nicollette/.rvm/rubies/ruby-1.9.3-p429/lib -L/Applications/Postgres93.app/Contents/MacOS/lib -L/usr/local/opt/libyaml/lib -L/usr/local/opt/readline/lib -L/usr/local/opt/libxml2/lib -L/usr/local/opt/libxslt/lib -L/usr/local/opt/libksba/lib -L/usr/local/opt/openssl/lib -L.  -L/usr/local/opt/libyaml/lib -L/usr/local/opt/readline/lib -L/usr/local/opt/libxml2/lib -L/usr/local/opt/libxslt/lib -L/usr/local/opt/libksba/lib -L/usr/local/opt/openssl/lib  -Wl,-rpath,/Applications/Postgres93.app/Contents/MacOS/lib    -lpq  -lruby.1.9.1 -lpq  -lpthread -ldl -lobjc "
conftest.c: In function ‘t’:
conftest.c:4: warning: implicit declaration of function ‘pg_char_to_encoding’
checked program was:
/* begin */
 1: #include "ruby.h"
 2: 
 3: /*top*/
 4: int t() { pg_char_to_encoding(); return 0; }
 5: int main(int argc, char **argv)
 6: {
 7:   if (argc > 1000000) {
 8:     printf("%p", &t);
 9:   }
10: 
11:   return 0;
12: }
/* end */

--------------------

have_func: checking for PQsetClientEncoding()... -------------------- yes

"/usr/local/bin/gcc-4.2 -o conftest -I/Users/Nicollette/.rvm/rubies/ruby-1.9.3-p429/include/ruby-1.9.1/x86_64-darwin13.0.0 -I/Users/Nicollette/.rvm/rubies/ruby-1.9.3-p429/include/ruby-1.9.1/ruby/backward -I/Users/Nicollette/.rvm/rubies/ruby-1.9.3-p429/include/ruby-1.9.1 -I. -I/Applications/Postgres93.app/Contents/MacOS/include -D_XOPEN_SOURCE -D_DARWIN_C_SOURCE   -I/usr/local/opt/libyaml/include -I/usr/local/opt/readline/include -I/usr/local/opt/libxml2/include -I/usr/local/opt/libxslt/include -I/usr/local/opt/libksba/include -I/usr/local/opt/openssl/include  -O3 -ggdb -Wall -Wextra -Wno-unused-parameter -Wno-parentheses -Wno-long-long -Wno-missing-field-initializers -Wpointer-arith -Wwrite-strings -Wdeclaration-after-statement -Wshorten-64-to-32 -Wimplicit-function-declaration  -fno-common -pipe conftest.c  -L. -L/Users/Nicollette/.rvm/rubies/ruby-1.9.3-p429/lib -L/Applications/Postgres93.app/Contents/MacOS/lib -L/usr/local/opt/libyaml/lib -L/usr/local/opt/readline/lib -L/usr/local/opt/libxml2/lib -L/usr/local/opt/libxslt/lib -L/usr/local/opt/libksba/lib -L/usr/local/opt/openssl/lib -L.  -L/usr/local/opt/libyaml/lib -L/usr/local/opt/readline/lib -L/usr/local/opt/libxml2/lib -L/usr/local/opt/libxslt/lib -L/usr/local/opt/libksba/lib -L/usr/local/opt/openssl/lib  -Wl,-rpath,/Applications/Postgres93.app/Contents/MacOS/lib    -lpq  -lruby.1.9.1 -lpq  -lpthread -ldl -lobjc "
conftest.c: In function ‘t’:
conftest.c:4: error: ‘PQsetClientEncoding’ undeclared (first use in this function)
conftest.c:4: error: (Each undeclared identifier is reported only once
conftest.c:4: error: for each function it appears in.)
checked program was:
/* begin */
 1: #include "ruby.h"
 2: 
 3: /*top*/
 4: int t() { void ((*volatile p)()); p = (void ((*)()))PQsetClientEncoding; return 0; }
 5: int main(int argc, char **argv)
 6: {
 7:   if (argc > 1000000) {
 8:     printf("%p", &t);
 9:   }
10: 
11:   return 0;
12: }
/* end */

"/usr/local/bin/gcc-4.2 -o conftest -I/Users/Nicollette/.rvm/rubies/ruby-1.9.3-p429/include/ruby-1.9.1/x86_64-darwin13.0.0 -I/Users/Nicollette/.rvm/rubies/ruby-1.9.3-p429/include/ruby-1.9.1/ruby/backward -I/Users/Nicollette/.rvm/rubies/ruby-1.9.3-p429/include/ruby-1.9.1 -I. -I/Applications/Postgres93.app/Contents/MacOS/include -D_XOPEN_SOURCE -D_DARWIN_C_SOURCE   -I/usr/local/opt/libyaml/include -I/usr/local/opt/readline/include -I/usr/local/opt/libxml2/include -I/usr/local/opt/libxslt/include -I/usr/local/opt/libksba/include -I/usr/local/opt/openssl/include  -O3 -ggdb -Wall -Wextra -Wno-unused-parameter -Wno-parentheses -Wno-long-long -Wno-missing-field-initializers -Wpointer-arith -Wwrite-strings -Wdeclaration-after-statement -Wshorten-64-to-32 -Wimplicit-function-declaration  -fno-common -pipe conftest.c  -L. -L/Users/Nicollette/.rvm/rubies/ruby-1.9.3-p429/lib -L/Applications/Postgres93.app/Contents/MacOS/lib -L/usr/local/opt/libyaml/lib -L/usr/local/opt/readline/lib -L/usr/local/opt/libxml2/lib -L/usr/local/opt/libxslt/lib -L/usr/local/opt/libksba/lib -L/usr/local/opt/openssl/lib -L.  -L/usr/local/opt/libyaml/lib -L/usr/local/opt/readline/lib -L/usr/local/opt/libxml2/lib -L/usr/local/opt/libxslt/lib -L/usr/local/opt/libksba/lib -L/usr/local/opt/openssl/lib  -Wl,-rpath,/Applications/Postgres93.app/Contents/MacOS/lib    -lpq  -lruby.1.9.1 -lpq  -lpthread -ldl -lobjc "
conftest.c: In function ‘t’:
conftest.c:4: warning: implicit declaration of function ‘PQsetClientEncoding’
checked program was:
/* begin */
 1: #include "ruby.h"
 2: 
 3: /*top*/
 4: int t() { PQsetClientEncoding(); return 0; }
 5: int main(int argc, char **argv)
 6: {
 7:   if (argc > 1000000) {
 8:     printf("%p", &t);
 9:   }
10: 
11:   return 0;
12: }
/* end */

--------------------

have_func: checking for PQlibVersion()... -------------------- yes

"/usr/local/bin/gcc-4.2 -o conftest -I/Users/Nicollette/.rvm/rubies/ruby-1.9.3-p429/include/ruby-1.9.1/x86_64-darwin13.0.0 -I/Users/Nicollette/.rvm/rubies/ruby-1.9.3-p429/include/ruby-1.9.1/ruby/backward -I/Users/Nicollette/.rvm/rubies/ruby-1.9.3-p429/include/ruby-1.9.1 -I. -I/Applications/Postgres93.app/Contents/MacOS/include -D_XOPEN_SOURCE -D_DARWIN_C_SOURCE   -I/usr/local/opt/libyaml/include -I/usr/local/opt/readline/include -I/usr/local/opt/libxml2/include -I/usr/local/opt/libxslt/include -I/usr/local/opt/libksba/include -I/usr/local/opt/openssl/include  -O3 -ggdb -Wall -Wextra -Wno-unused-parameter -Wno-parentheses -Wno-long-long -Wno-missing-field-initializers -Wpointer-arith -Wwrite-strings -Wdeclaration-after-statement -Wshorten-64-to-32 -Wimplicit-function-declaration  -fno-common -pipe conftest.c  -L. -L/Users/Nicollette/.rvm/rubies/ruby-1.9.3-p429/lib -L/Applications/Postgres93.app/Contents/MacOS/lib -L/usr/local/opt/libyaml/lib -L/usr/local/opt/readline/lib -L/usr/local/opt/libxml2/lib -L/usr/local/opt/libxslt/lib -L/usr/local/opt/libksba/lib -L/usr/local/opt/openssl/lib -L.  -L/usr/local/opt/libyaml/lib -L/usr/local/opt/readline/lib -L/usr/local/opt/libxml2/lib -L/usr/local/opt/libxslt/lib -L/usr/local/opt/libksba/lib -L/usr/local/opt/openssl/lib  -Wl,-rpath,/Applications/Postgres93.app/Contents/MacOS/lib    -lpq  -lruby.1.9.1 -lpq  -lpthread -ldl -lobjc "
conftest.c: In function ‘t’:
conftest.c:4: error: ‘PQlibVersion’ undeclared (first use in this function)
conftest.c:4: error: (Each undeclared identifier is reported only once
conftest.c:4: error: for each function it appears in.)
checked program was:
/* begin */
 1: #include "ruby.h"
 2: 
 3: /*top*/
 4: int t() { void ((*volatile p)()); p = (void ((*)()))PQlibVersion; return 0; }
 5: int main(int argc, char **argv)
 6: {
 7:   if (argc > 1000000) {
 8:     printf("%p", &t);
 9:   }
10: 
11:   return 0;
12: }
/* end */

"/usr/local/bin/gcc-4.2 -o conftest -I/Users/Nicollette/.rvm/rubies/ruby-1.9.3-p429/include/ruby-1.9.1/x86_64-darwin13.0.0 -I/Users/Nicollette/.rvm/rubies/ruby-1.9.3-p429/include/ruby-1.9.1/ruby/backward -I/Users/Nicollette/.rvm/rubies/ruby-1.9.3-p429/include/ruby-1.9.1 -I. -I/Applications/Postgres93.app/Contents/MacOS/include -D_XOPEN_SOURCE -D_DARWIN_C_SOURCE   -I/usr/local/opt/libyaml/include -I/usr/local/opt/readline/include -I/usr/local/opt/libxml2/include -I/usr/local/opt/libxslt/include -I/usr/local/opt/libksba/include -I/usr/local/opt/openssl/include  -O3 -ggdb -Wall -Wextra -Wno-unused-parameter -Wno-parentheses -Wno-long-long -Wno-missing-field-initializers -Wpointer-arith -Wwrite-strings -Wdeclaration-after-statement -Wshorten-64-to-32 -Wimplicit-function-declaration  -fno-common -pipe conftest.c  -L. -L/Users/Nicollette/.rvm/rubies/ruby-1.9.3-p429/lib -L/Applications/Postgres93.app/Contents/MacOS/lib -L/usr/local/opt/libyaml/lib -L/usr/local/opt/readline/lib -L/usr/local/opt/libxml2/lib -L/usr/local/opt/libxslt/lib -L/usr/local/opt/libksba/lib -L/usr/local/opt/openssl/lib -L.  -L/usr/local/opt/libyaml/lib -L/usr/local/opt/readline/lib -L/usr/local/opt/libxml2/lib -L/usr/local/opt/libxslt/lib -L/usr/local/opt/libksba/lib -L/usr/local/opt/openssl/lib  -Wl,-rpath,/Applications/Postgres93.app/Contents/MacOS/lib    -lpq  -lruby.1.9.1 -lpq  -lpthread -ldl -lobjc "
conftest.c: In function ‘t’:
conftest.c:4: warning: implicit declaration of function ‘PQlibVersion’
checked program was:
/* begin */
 1: #include "ruby.h"
 2: 
 3: /*top*/
 4: int t() { PQlibVersion(); return 0; }
 5: int main(int argc, char **argv)
 6: {
 7:   if (argc > 1000000) {
 8:     printf("%p", &t);
 9:   }
10: 
11:   return 0;
12: }
/* end */

--------------------

have_func: checking for PQping()... -------------------- yes

"/usr/local/bin/gcc-4.2 -o conftest -I/Users/Nicollette/.rvm/rubies/ruby-1.9.3-p429/include/ruby-1.9.1/x86_64-darwin13.0.0 -I/Users/Nicollette/.rvm/rubies/ruby-1.9.3-p429/include/ruby-1.9.1/ruby/backward -I/Users/Nicollette/.rvm/rubies/ruby-1.9.3-p429/include/ruby-1.9.1 -I. -I/Applications/Postgres93.app/Contents/MacOS/include -D_XOPEN_SOURCE -D_DARWIN_C_SOURCE   -I/usr/local/opt/libyaml/include -I/usr/local/opt/readline/include -I/usr/local/opt/libxml2/include -I/usr/local/opt/libxslt/include -I/usr/local/opt/libksba/include -I/usr/local/opt/openssl/include  -O3 -ggdb -Wall -Wextra -Wno-unused-parameter -Wno-parentheses -Wno-long-long -Wno-missing-field-initializers -Wpointer-arith -Wwrite-strings -Wdeclaration-after-statement -Wshorten-64-to-32 -Wimplicit-function-declaration  -fno-common -pipe conftest.c  -L. -L/Users/Nicollette/.rvm/rubies/ruby-1.9.3-p429/lib -L/Applications/Postgres93.app/Contents/MacOS/lib -L/usr/local/opt/libyaml/lib -L/usr/local/opt/readline/lib -L/usr/local/opt/libxml2/lib -L/usr/local/opt/libxslt/lib -L/usr/local/opt/libksba/lib -L/usr/local/opt/openssl/lib -L.  -L/usr/local/opt/libyaml/lib -L/usr/local/opt/readline/lib -L/usr/local/opt/libxml2/lib -L/usr/local/opt/libxslt/lib -L/usr/local/opt/libksba/lib -L/usr/local/opt/openssl/lib  -Wl,-rpath,/Applications/Postgres93.app/Contents/MacOS/lib    -lpq  -lruby.1.9.1 -lpq  -lpthread -ldl -lobjc "
conftest.c: In function ‘t’:
conftest.c:4: error: ‘PQping’ undeclared (first use in this function)
conftest.c:4: error: (Each undeclared identifier is reported only once
conftest.c:4: error: for each function it appears in.)
checked program was:
/* begin */
 1: #include "ruby.h"
 2: 
 3: /*top*/
 4: int t() { void ((*volatile p)()); p = (void ((*)()))PQping; return 0; }
 5: int main(int argc, char **argv)
 6: {
 7:   if (argc > 1000000) {
 8:     printf("%p", &t);
 9:   }
10: 
11:   return 0;
12: }
/* end */

"/usr/local/bin/gcc-4.2 -o conftest -I/Users/Nicollette/.rvm/rubies/ruby-1.9.3-p429/include/ruby-1.9.1/x86_64-darwin13.0.0 -I/Users/Nicollette/.rvm/rubies/ruby-1.9.3-p429/include/ruby-1.9.1/ruby/backward -I/Users/Nicollette/.rvm/rubies/ruby-1.9.3-p429/include/ruby-1.9.1 -I. -I/Applications/Postgres93.app/Contents/MacOS/include -D_XOPEN_SOURCE -D_DARWIN_C_SOURCE   -I/usr/local/opt/libyaml/include -I/usr/local/opt/readline/include -I/usr/local/opt/libxml2/include -I/usr/local/opt/libxslt/include -I/usr/local/opt/libksba/include -I/usr/local/opt/openssl/include  -O3 -ggdb -Wall -Wextra -Wno-unused-parameter -Wno-parentheses -Wno-long-long -Wno-missing-field-initializers -Wpointer-arith -Wwrite-strings -Wdeclaration-after-statement -Wshorten-64-to-32 -Wimplicit-function-declaration  -fno-common -pipe conftest.c  -L. -L/Users/Nicollette/.rvm/rubies/ruby-1.9.3-p429/lib -L/Applications/Postgres93.app/Contents/MacOS/lib -L/usr/local/opt/libyaml/lib -L/usr/local/opt/readline/lib -L/usr/local/opt/libxml2/lib -L/usr/local/opt/libxslt/lib -L/usr/local/opt/libksba/lib -L/usr/local/opt/openssl/lib -L.  -L/usr/local/opt/libyaml/lib -L/usr/local/opt/readline/lib -L/usr/local/opt/libxml2/lib -L/usr/local/opt/libxslt/lib -L/usr/local/opt/libksba/lib -L/usr/local/opt/openssl/lib  -Wl,-rpath,/Applications/Postgres93.app/Contents/MacOS/lib    -lpq  -lruby.1.9.1 -lpq  -lpthread -ldl -lobjc "
conftest.c: In function ‘t’:
conftest.c:4: warning: implicit declaration of function ‘PQping’
checked program was:
/* begin */
 1: #include "ruby.h"
 2: 
 3: /*top*/
 4: int t() { PQping(); return 0; }
 5: int main(int argc, char **argv)
 6: {
 7:   if (argc > 1000000) {
 8:     printf("%p", &t);
 9:   }
10: 
11:   return 0;
12: }
/* end */

--------------------

have_func: checking for PQsetSingleRowMode()... -------------------- yes

"/usr/local/bin/gcc-4.2 -o conftest -I/Users/Nicollette/.rvm/rubies/ruby-1.9.3-p429/include/ruby-1.9.1/x86_64-darwin13.0.0 -I/Users/Nicollette/.rvm/rubies/ruby-1.9.3-p429/include/ruby-1.9.1/ruby/backward -I/Users/Nicollette/.rvm/rubies/ruby-1.9.3-p429/include/ruby-1.9.1 -I. -I/Applications/Postgres93.app/Contents/MacOS/include -D_XOPEN_SOURCE -D_DARWIN_C_SOURCE   -I/usr/local/opt/libyaml/include -I/usr/local/opt/readline/include -I/usr/local/opt/libxml2/include -I/usr/local/opt/libxslt/include -I/usr/local/opt/libksba/include -I/usr/local/opt/openssl/include  -O3 -ggdb -Wall -Wextra -Wno-unused-parameter -Wno-parentheses -Wno-long-long -Wno-missing-field-initializers -Wpointer-arith -Wwrite-strings -Wdeclaration-after-statement -Wshorten-64-to-32 -Wimplicit-function-declaration  -fno-common -pipe conftest.c  -L. -L/Users/Nicollette/.rvm/rubies/ruby-1.9.3-p429/lib -L/Applications/Postgres93.app/Contents/MacOS/lib -L/usr/local/opt/libyaml/lib -L/usr/local/opt/readline/lib -L/usr/local/opt/libxml2/lib -L/usr/local/opt/libxslt/lib -L/usr/local/opt/libksba/lib -L/usr/local/opt/openssl/lib -L.  -L/usr/local/opt/libyaml/lib -L/usr/local/opt/readline/lib -L/usr/local/opt/libxml2/lib -L/usr/local/opt/libxslt/lib -L/usr/local/opt/libksba/lib -L/usr/local/opt/openssl/lib  -Wl,-rpath,/Applications/Postgres93.app/Contents/MacOS/lib    -lpq  -lruby.1.9.1 -lpq  -lpthread -ldl -lobjc "
conftest.c: In function ‘t’:
conftest.c:4: error: ‘PQsetSingleRowMode’ undeclared (first use in this function)
conftest.c:4: error: (Each undeclared identifier is reported only once
conftest.c:4: error: for each function it appears in.)
checked program was:
/* begin */
 1: #include "ruby.h"
 2: 
 3: /*top*/
 4: int t() { void ((*volatile p)()); p = (void ((*)()))PQsetSingleRowMode; return 0; }
 5: int main(int argc, char **argv)
 6: {
 7:   if (argc > 1000000) {
 8:     printf("%p", &t);
 9:   }
10: 
11:   return 0;
12: }
/* end */

"/usr/local/bin/gcc-4.2 -o conftest -I/Users/Nicollette/.rvm/rubies/ruby-1.9.3-p429/include/ruby-1.9.1/x86_64-darwin13.0.0 -I/Users/Nicollette/.rvm/rubies/ruby-1.9.3-p429/include/ruby-1.9.1/ruby/backward -I/Users/Nicollette/.rvm/rubies/ruby-1.9.3-p429/include/ruby-1.9.1 -I. -I/Applications/Postgres93.app/Contents/MacOS/include -D_XOPEN_SOURCE -D_DARWIN_C_SOURCE   -I/usr/local/opt/libyaml/include -I/usr/local/opt/readline/include -I/usr/local/opt/libxml2/include -I/usr/local/opt/libxslt/include -I/usr/local/opt/libksba/include -I/usr/local/opt/openssl/include  -O3 -ggdb -Wall -Wextra -Wno-unused-parameter -Wno-parentheses -Wno-long-long -Wno-missing-field-initializers -Wpointer-arith -Wwrite-strings -Wdeclaration-after-statement -Wshorten-64-to-32 -Wimplicit-function-declaration  -fno-common -pipe conftest.c  -L. -L/Users/Nicollette/.rvm/rubies/ruby-1.9.3-p429/lib -L/Applications/Postgres93.app/Contents/MacOS/lib -L/usr/local/opt/libyaml/lib -L/usr/local/opt/readline/lib -L/usr/local/opt/libxml2/lib -L/usr/local/opt/libxslt/lib -L/usr/local/opt/libksba/lib -L/usr/local/opt/openssl/lib -L.  -L/usr/local/opt/libyaml/lib -L/usr/local/opt/readline/lib -L/usr/local/opt/libxml2/lib -L/usr/local/opt/libxslt/lib -L/usr/local/opt/libksba/lib -L/usr/local/opt/openssl/lib  -Wl,-rpath,/Applications/Postgres93.app/Contents/MacOS/lib    -lpq  -lruby.1.9.1 -lpq  -lpthread -ldl -lobjc "
conftest.c: In function ‘t’:
conftest.c:4: warning: implicit declaration of function ‘PQsetSingleRowMode’
checked program was:
/* begin */
 1: #include "ruby.h"
 2: 
 3: /*top*/
 4: int t() { PQsetSingleRowMode(); return 0; }
 5: int main(int argc, char **argv)
 6: {
 7:   if (argc > 1000000) {
 8:     printf("%p", &t);
 9:   }
10: 
11:   return 0;
12: }
/* end */

--------------------

have_func: checking for rb_encdb_alias()... -------------------- yes

"/usr/local/bin/gcc-4.2 -o conftest -I/Users/Nicollette/.rvm/rubies/ruby-1.9.3-p429/include/ruby-1.9.1/x86_64-darwin13.0.0 -I/Users/Nicollette/.rvm/rubies/ruby-1.9.3-p429/include/ruby-1.9.1/ruby/backward -I/Users/Nicollette/.rvm/rubies/ruby-1.9.3-p429/include/ruby-1.9.1 -I. -I/Applications/Postgres93.app/Contents/MacOS/include -D_XOPEN_SOURCE -D_DARWIN_C_SOURCE   -I/usr/local/opt/libyaml/include -I/usr/local/opt/readline/include -I/usr/local/opt/libxml2/include -I/usr/local/opt/libxslt/include -I/usr/local/opt/libksba/include -I/usr/local/opt/openssl/include  -O3 -ggdb -Wall -Wextra -Wno-unused-parameter -Wno-parentheses -Wno-long-long -Wno-missing-field-initializers -Wpointer-arith -Wwrite-strings -Wdeclaration-after-statement -Wshorten-64-to-32 -Wimplicit-function-declaration  -fno-common -pipe conftest.c  -L. -L/Users/Nicollette/.rvm/rubies/ruby-1.9.3-p429/lib -L/Applications/Postgres93.app/Contents/MacOS/lib -L/usr/local/opt/libyaml/lib -L/usr/local/opt/readline/lib -L/usr/local/opt/libxml2/lib -L/usr/local/opt/libxslt/lib -L/usr/local/opt/libksba/lib -L/usr/local/opt/openssl/lib -L.  -L/usr/local/opt/libyaml/lib -L/usr/local/opt/readline/lib -L/usr/local/opt/libxml2/lib -L/usr/local/opt/libxslt/lib -L/usr/local/opt/libksba/lib -L/usr/local/opt/openssl/lib  -Wl,-rpath,/Applications/Postgres93.app/Contents/MacOS/lib    -lpq  -lruby.1.9.1 -lpq  -lpthread -ldl -lobjc "
conftest.c: In function ‘t’:
conftest.c:4: error: ‘rb_encdb_alias’ undeclared (first use in this function)
conftest.c:4: error: (Each undeclared identifier is reported only once
conftest.c:4: error: for each function it appears in.)
checked program was:
/* begin */
 1: #include "ruby.h"
 2: 
 3: /*top*/
 4: int t() { void ((*volatile p)()); p = (void ((*)()))rb_encdb_alias; return 0; }
 5: int main(int argc, char **argv)
 6: {
 7:   if (argc > 1000000) {
 8:     printf("%p", &t);
 9:   }
10: 
11:   return 0;
12: }
/* end */

"/usr/local/bin/gcc-4.2 -o conftest -I/Users/Nicollette/.rvm/rubies/ruby-1.9.3-p429/include/ruby-1.9.1/x86_64-darwin13.0.0 -I/Users/Nicollette/.rvm/rubies/ruby-1.9.3-p429/include/ruby-1.9.1/ruby/backward -I/Users/Nicollette/.rvm/rubies/ruby-1.9.3-p429/include/ruby-1.9.1 -I. -I/Applications/Postgres93.app/Contents/MacOS/include -D_XOPEN_SOURCE -D_DARWIN_C_SOURCE   -I/usr/local/opt/libyaml/include -I/usr/local/opt/readline/include -I/usr/local/opt/libxml2/include -I/usr/local/opt/libxslt/include -I/usr/local/opt/libksba/include -I/usr/local/opt/openssl/include  -O3 -ggdb -Wall -Wextra -Wno-unused-parameter -Wno-parentheses -Wno-long-long -Wno-missing-field-initializers -Wpointer-arith -Wwrite-strings -Wdeclaration-after-statement -Wshorten-64-to-32 -Wimplicit-function-declaration  -fno-common -pipe conftest.c  -L. -L/Users/Nicollette/.rvm/rubies/ruby-1.9.3-p429/lib -L/Applications/Postgres93.app/Contents/MacOS/lib -L/usr/local/opt/libyaml/lib -L/usr/local/opt/readline/lib -L/usr/local/opt/libxml2/lib -L/usr/local/opt/libxslt/lib -L/usr/local/opt/libksba/lib -L/usr/local/opt/openssl/lib -L.  -L/usr/local/opt/libyaml/lib -L/usr/local/opt/readline/lib -L/usr/local/opt/libxml2/lib -L/usr/local/opt/libxslt/lib -L/usr/local/opt/libksba/lib -L/usr/local/opt/openssl/lib  -Wl,-rpath,/Applications/Postgres93.app/Contents/MacOS/lib    -lpq  -lruby.1.9.1 -lpq  -lpthread -ldl -lobjc "
conftest.c: In function ‘t’:
conftest.c:4: warning: implicit declaration of function ‘rb_encdb_alias’
checked program was:
/* begin */
 1: #include "ruby.h"
 2: 
 3: /*top*/
 4: int t() { rb_encdb_alias(); return 0; }
 5: int main(int argc, char **argv)
 6: {
 7:   if (argc > 1000000) {
 8:     printf("%p", &t);
 9:   }
10: 
11:   return 0;
12: }
/* end */

--------------------

have_func: checking for rb_enc_alias()... -------------------- no

"/usr/local/bin/gcc-4.2 -o conftest -I/Users/Nicollette/.rvm/rubies/ruby-1.9.3-p429/include/ruby-1.9.1/x86_64-darwin13.0.0 -I/Users/Nicollette/.rvm/rubies/ruby-1.9.3-p429/include/ruby-1.9.1/ruby/backward -I/Users/Nicollette/.rvm/rubies/ruby-1.9.3-p429/include/ruby-1.9.1 -I. -I/Applications/Postgres93.app/Contents/MacOS/include -D_XOPEN_SOURCE -D_DARWIN_C_SOURCE   -I/usr/local/opt/libyaml/include -I/usr/local/opt/readline/include -I/usr/local/opt/libxml2/include -I/usr/local/opt/libxslt/include -I/usr/local/opt/libksba/include -I/usr/local/opt/openssl/include  -O3 -ggdb -Wall -Wextra -Wno-unused-parameter -Wno-parentheses -Wno-long-long -Wno-missing-field-initializers -Wpointer-arith -Wwrite-strings -Wdeclaration-after-statement -Wshorten-64-to-32 -Wimplicit-function-declaration  -fno-common -pipe conftest.c  -L. -L/Users/Nicollette/.rvm/rubies/ruby-1.9.3-p429/lib -L/Applications/Postgres93.app/Contents/MacOS/lib -L/usr/local/opt/libyaml/lib -L/usr/local/opt/readline/lib -L/usr/local/opt/libxml2/lib -L/usr/local/opt/libxslt/lib -L/usr/local/opt/libksba/lib -L/usr/local/opt/openssl/lib -L.  -L/usr/local/opt/libyaml/lib -L/usr/local/opt/readline/lib -L/usr/local/opt/libxml2/lib -L/usr/local/opt/libxslt/lib -L/usr/local/opt/libksba/lib -L/usr/local/opt/openssl/lib  -Wl,-rpath,/Applications/Postgres93.app/Contents/MacOS/lib    -lpq  -lruby.1.9.1 -lpq  -lpthread -ldl -lobjc "
conftest.c: In function ‘t’:
conftest.c:4: error: ‘rb_enc_alias’ undeclared (first use in this function)
conftest.c:4: error: (Each undeclared identifier is reported only once
conftest.c:4: error: for each function it appears in.)
checked program was:
/* begin */
 1: #include "ruby.h"
 2: 
 3: /*top*/
 4: int t() { void ((*volatile p)()); p = (void ((*)()))rb_enc_alias; return 0; }
 5: int main(int argc, char **argv)
 6: {
 7:   if (argc > 1000000) {
 8:     printf("%p", &t);
 9:   }
10: 
11:   return 0;
12: }
/* end */

"/usr/local/bin/gcc-4.2 -o conftest -I/Users/Nicollette/.rvm/rubies/ruby-1.9.3-p429/include/ruby-1.9.1/x86_64-darwin13.0.0 -I/Users/Nicollette/.rvm/rubies/ruby-1.9.3-p429/include/ruby-1.9.1/ruby/backward -I/Users/Nicollette/.rvm/rubies/ruby-1.9.3-p429/include/ruby-1.9.1 -I. -I/Applications/Postgres93.app/Contents/MacOS/include -D_XOPEN_SOURCE -D_DARWIN_C_SOURCE   -I/usr/local/opt/libyaml/include -I/usr/local/opt/readline/include -I/usr/local/opt/libxml2/include -I/usr/local/opt/libxslt/include -I/usr/local/opt/libksba/include -I/usr/local/opt/openssl/include  -O3 -ggdb -Wall -Wextra -Wno-unused-parameter -Wno-parentheses -Wno-long-long -Wno-missing-field-initializers -Wpointer-arith -Wwrite-strings -Wdeclaration-after-statement -Wshorten-64-to-32 -Wimplicit-function-declaration  -fno-common -pipe conftest.c  -L. -L/Users/Nicollette/.rvm/rubies/ruby-1.9.3-p429/lib -L/Applications/Postgres93.app/Contents/MacOS/lib -L/usr/local/opt/libyaml/lib -L/usr/local/opt/readline/lib -L/usr/local/opt/libxml2/lib -L/usr/local/opt/libxslt/lib -L/usr/local/opt/libksba/lib -L/usr/local/opt/openssl/lib -L.  -L/usr/local/opt/libyaml/lib -L/usr/local/opt/readline/lib -L/usr/local/opt/libxml2/lib -L/usr/local/opt/libxslt/lib -L/usr/local/opt/libksba/lib -L/usr/local/opt/openssl/lib  -Wl,-rpath,/Applications/Postgres93.app/Contents/MacOS/lib    -lpq  -lruby.1.9.1 -lpq  -lpthread -ldl -lobjc "
conftest.c: In function ‘t’:
conftest.c:4: warning: implicit declaration of function ‘rb_enc_alias’
Undefined symbols for architecture x86_64:
  "_rb_enc_alias", referenced from:
      _t in ccaQuMin.o
ld: symbol(s) not found for architecture x86_64
collect2: ld returned 1 exit status
checked program was:
/* begin */
 1: #include "ruby.h"
 2: 
 3: /*top*/
 4: int t() { rb_enc_alias(); return 0; }
 5: int main(int argc, char **argv)
 6: {
 7:   if (argc > 1000000) {
 8:     printf("%p", &t);
 9:   }
10: 
11:   return 0;
12: }
/* end */

--------------------

have_func: checking for rb_thread_call_without_gvl()... -------------------- yes

"/usr/local/bin/gcc-4.2 -o conftest -I/Users/Nicollette/.rvm/rubies/ruby-1.9.3-p429/include/ruby-1.9.1/x86_64-darwin13.0.0 -I/Users/Nicollette/.rvm/rubies/ruby-1.9.3-p429/include/ruby-1.9.1/ruby/backward -I/Users/Nicollette/.rvm/rubies/ruby-1.9.3-p429/include/ruby-1.9.1 -I. -I/Applications/Postgres93.app/Contents/MacOS/include -D_XOPEN_SOURCE -D_DARWIN_C_SOURCE   -I/usr/local/opt/libyaml/include -I/usr/local/opt/readline/include -I/usr/local/opt/libxml2/include -I/usr/local/opt/libxslt/include -I/usr/local/opt/libksba/include -I/usr/local/opt/openssl/include  -O3 -ggdb -Wall -Wextra -Wno-unused-parameter -Wno-parentheses -Wno-long-long -Wno-missing-field-initializers -Wpointer-arith -Wwrite-strings -Wdeclaration-after-statement -Wshorten-64-to-32 -Wimplicit-function-declaration  -fno-common -pipe conftest.c  -L. -L/Users/Nicollette/.rvm/rubies/ruby-1.9.3-p429/lib -L/Applications/Postgres93.app/Contents/MacOS/lib -L/usr/local/opt/libyaml/lib -L/usr/local/opt/readline/lib -L/usr/local/opt/libxml2/lib -L/usr/local/opt/libxslt/lib -L/usr/local/opt/libksba/lib -L/usr/local/opt/openssl/lib -L.  -L/usr/local/opt/libyaml/lib -L/usr/local/opt/readline/lib -L/usr/local/opt/libxml2/lib -L/usr/local/opt/libxslt/lib -L/usr/local/opt/libksba/lib -L/usr/local/opt/openssl/lib  -Wl,-rpath,/Applications/Postgres93.app/Contents/MacOS/lib    -lpq  -lruby.1.9.1 -lpq  -lpthread -ldl -lobjc "
conftest.c: In function ‘t’:
conftest.c:4: error: ‘rb_thread_call_without_gvl’ undeclared (first use in this function)
conftest.c:4: error: (Each undeclared identifier is reported only once
conftest.c:4: error: for each function it appears in.)
checked program was:
/* begin */
 1: #include "ruby.h"
 2: 
 3: /*top*/
 4: int t() { void ((*volatile p)()); p = (void ((*)()))rb_thread_call_without_gvl; return 0; }
 5: int main(int argc, char **argv)
 6: {
 7:   if (argc > 1000000) {
 8:     printf("%p", &t);
 9:   }
10: 
11:   return 0;
12: }
/* end */

"/usr/local/bin/gcc-4.2 -o conftest -I/Users/Nicollette/.rvm/rubies/ruby-1.9.3-p429/include/ruby-1.9.1/x86_64-darwin13.0.0 -I/Users/Nicollette/.rvm/rubies/ruby-1.9.3-p429/include/ruby-1.9.1/ruby/backward -I/Users/Nicollette/.rvm/rubies/ruby-1.9.3-p429/include/ruby-1.9.1 -I. -I/Applications/Postgres93.app/Contents/MacOS/include -D_XOPEN_SOURCE -D_DARWIN_C_SOURCE   -I/usr/local/opt/libyaml/include -I/usr/local/opt/readline/include -I/usr/local/opt/libxml2/include -I/usr/local/opt/libxslt/include -I/usr/local/opt/libksba/include -I/usr/local/opt/openssl/include  -O3 -ggdb -Wall -Wextra -Wno-unused-parameter -Wno-parentheses -Wno-long-long -Wno-missing-field-initializers -Wpointer-arith -Wwrite-strings -Wdeclaration-after-statement -Wshorten-64-to-32 -Wimplicit-function-declaration  -fno-common -pipe conftest.c  -L. -L/Users/Nicollette/.rvm/rubies/ruby-1.9.3-p429/lib -L/Applications/Postgres93.app/Contents/MacOS/lib -L/usr/local/opt/libyaml/lib -L/usr/local/opt/readline/lib -L/usr/local/opt/libxml2/lib -L/usr/local/opt/libxslt/lib -L/usr/local/opt/libksba/lib -L/usr/local/opt/openssl/lib -L.  -L/usr/local/opt/libyaml/lib -L/usr/local/opt/readline/lib -L/usr/local/opt/libxml2/lib -L/usr/local/opt/libxslt/lib -L/usr/local/opt/libksba/lib -L/usr/local/opt/openssl/lib  -Wl,-rpath,/Applications/Postgres93.app/Contents/MacOS/lib    -lpq  -lruby.1.9.1 -lpq  -lpthread -ldl -lobjc "
conftest.c: In function ‘t’:
conftest.c:4: warning: implicit declaration of function ‘rb_thread_call_without_gvl’
checked program was:
/* begin */
 1: #include "ruby.h"
 2: 
 3: /*top*/
 4: int t() { rb_thread_call_without_gvl(); return 0; }
 5: int main(int argc, char **argv)
 6: {
 7:   if (argc > 1000000) {
 8:     printf("%p", &t);
 9:   }
10: 
11:   return 0;
12: }
/* end */

--------------------

have_func: checking for rb_thread_call_with_gvl()... -------------------- yes

"/usr/local/bin/gcc-4.2 -o conftest -I/Users/Nicollette/.rvm/rubies/ruby-1.9.3-p429/include/ruby-1.9.1/x86_64-darwin13.0.0 -I/Users/Nicollette/.rvm/rubies/ruby-1.9.3-p429/include/ruby-1.9.1/ruby/backward -I/Users/Nicollette/.rvm/rubies/ruby-1.9.3-p429/include/ruby-1.9.1 -I. -I/Applications/Postgres93.app/Contents/MacOS/include -D_XOPEN_SOURCE -D_DARWIN_C_SOURCE   -I/usr/local/opt/libyaml/include -I/usr/local/opt/readline/include -I/usr/local/opt/libxml2/include -I/usr/local/opt/libxslt/include -I/usr/local/opt/libksba/include -I/usr/local/opt/openssl/include  -O3 -ggdb -Wall -Wextra -Wno-unused-parameter -Wno-parentheses -Wno-long-long -Wno-missing-field-initializers -Wpointer-arith -Wwrite-strings -Wdeclaration-after-statement -Wshorten-64-to-32 -Wimplicit-function-declaration  -fno-common -pipe conftest.c  -L. -L/Users/Nicollette/.rvm/rubies/ruby-1.9.3-p429/lib -L/Applications/Postgres93.app/Contents/MacOS/lib -L/usr/local/opt/libyaml/lib -L/usr/local/opt/readline/lib -L/usr/local/opt/libxml2/lib -L/usr/local/opt/libxslt/lib -L/usr/local/opt/libksba/lib -L/usr/local/opt/openssl/lib -L.  -L/usr/local/opt/libyaml/lib -L/usr/local/opt/readline/lib -L/usr/local/opt/libxml2/lib -L/usr/local/opt/libxslt/lib -L/usr/local/opt/libksba/lib -L/usr/local/opt/openssl/lib  -Wl,-rpath,/Applications/Postgres93.app/Contents/MacOS/lib    -lpq  -lruby.1.9.1 -lpq  -lpthread -ldl -lobjc "
conftest.c: In function ‘t’:
conftest.c:4: error: ‘rb_thread_call_with_gvl’ undeclared (first use in this function)
conftest.c:4: error: (Each undeclared identifier is reported only once
conftest.c:4: error: for each function it appears in.)
checked program was:
/* begin */
 1: #include "ruby.h"
 2: 
 3: /*top*/
 4: int t() { void ((*volatile p)()); p = (void ((*)()))rb_thread_call_with_gvl; return 0; }
 5: int main(int argc, char **argv)
 6: {
 7:   if (argc > 1000000) {
 8:     printf("%p", &t);
 9:   }
10: 
11:   return 0;
12: }
/* end */

"/usr/local/bin/gcc-4.2 -o conftest -I/Users/Nicollette/.rvm/rubies/ruby-1.9.3-p429/include/ruby-1.9.1/x86_64-darwin13.0.0 -I/Users/Nicollette/.rvm/rubies/ruby-1.9.3-p429/include/ruby-1.9.1/ruby/backward -I/Users/Nicollette/.rvm/rubies/ruby-1.9.3-p429/include/ruby-1.9.1 -I. -I/Applications/Postgres93.app/Contents/MacOS/include -D_XOPEN_SOURCE -D_DARWIN_C_SOURCE   -I/usr/local/opt/libyaml/include -I/usr/local/opt/readline/include -I/usr/local/opt/libxml2/include -I/usr/local/opt/libxslt/include -I/usr/local/opt/libksba/include -I/usr/local/opt/openssl/include  -O3 -ggdb -Wall -Wextra -Wno-unused-parameter -Wno-parentheses -Wno-long-long -Wno-missing-field-initializers -Wpointer-arith -Wwrite-strings -Wdeclaration-after-statement -Wshorten-64-to-32 -Wimplicit-function-declaration  -fno-common -pipe conftest.c  -L. -L/Users/Nicollette/.rvm/rubies/ruby-1.9.3-p429/lib -L/Applications/Postgres93.app/Contents/MacOS/lib -L/usr/local/opt/libyaml/lib -L/usr/local/opt/readline/lib -L/usr/local/opt/libxml2/lib -L/usr/local/opt/libxslt/lib -L/usr/local/opt/libksba/lib -L/usr/local/opt/openssl/lib -L.  -L/usr/local/opt/libyaml/lib -L/usr/local/opt/readline/lib -L/usr/local/opt/libxml2/lib -L/usr/local/opt/libxslt/lib -L/usr/local/opt/libksba/lib -L/usr/local/opt/openssl/lib  -Wl,-rpath,/Applications/Postgres93.app/Contents/MacOS/lib    -lpq  -lruby.1.9.1 -lpq  -lpthread -ldl -lobjc "
conftest.c: In function ‘t’:
conftest.c:4: warning: implicit declaration of function ‘rb_thread_call_with_gvl’
checked program was:
/* begin */
 1: #include "ruby.h"
 2: 
 3: /*top*/
 4: int t() { rb_thread_call_with_gvl(); return 0; }
 5: int main(int argc, char **argv)
 6: {
 7:   if (argc > 1000000) {
 8:     printf("%p", &t);
 9:   }
10: 
11:   return 0;
12: }
/* end */

--------------------

have_func: checking for rb_thread_fd_select()... -------------------- yes

"/usr/local/bin/gcc-4.2 -o conftest -I/Users/Nicollette/.rvm/rubies/ruby-1.9.3-p429/include/ruby-1.9.1/x86_64-darwin13.0.0 -I/Users/Nicollette/.rvm/rubies/ruby-1.9.3-p429/include/ruby-1.9.1/ruby/backward -I/Users/Nicollette/.rvm/rubies/ruby-1.9.3-p429/include/ruby-1.9.1 -I. -I/Applications/Postgres93.app/Contents/MacOS/include -D_XOPEN_SOURCE -D_DARWIN_C_SOURCE   -I/usr/local/opt/libyaml/include -I/usr/local/opt/readline/include -I/usr/local/opt/libxml2/include -I/usr/local/opt/libxslt/include -I/usr/local/opt/libksba/include -I/usr/local/opt/openssl/include  -O3 -ggdb -Wall -Wextra -Wno-unused-parameter -Wno-parentheses -Wno-long-long -Wno-missing-field-initializers -Wpointer-arith -Wwrite-strings -Wdeclaration-after-statement -Wshorten-64-to-32 -Wimplicit-function-declaration  -fno-common -pipe conftest.c  -L. -L/Users/Nicollette/.rvm/rubies/ruby-1.9.3-p429/lib -L/Applications/Postgres93.app/Contents/MacOS/lib -L/usr/local/opt/libyaml/lib -L/usr/local/opt/readline/lib -L/usr/local/opt/libxml2/lib -L/usr/local/opt/libxslt/lib -L/usr/local/opt/libksba/lib -L/usr/local/opt/openssl/lib -L.  -L/usr/local/opt/libyaml/lib -L/usr/local/opt/readline/lib -L/usr/local/opt/libxml2/lib -L/usr/local/opt/libxslt/lib -L/usr/local/opt/libksba/lib -L/usr/local/opt/openssl/lib  -Wl,-rpath,/Applications/Postgres93.app/Contents/MacOS/lib    -lpq  -lruby.1.9.1 -lpq  -lpthread -ldl -lobjc "
checked program was:
/* begin */
 1: #include "ruby.h"
 2: 
 3: /*top*/
 4: int t() { void ((*volatile p)()); p = (void ((*)()))rb_thread_fd_select; return 0; }
 5: int main(int argc, char **argv)
 6: {
 7:   if (argc > 1000000) {
 8:     printf("%p", &t);
 9:   }
10: 
11:   return 0;
12: }
/* end */

--------------------

have_func: checking for rb_w32_wrap_io_handle()... -------------------- no

"/usr/local/bin/gcc-4.2 -o conftest -I/Users/Nicollette/.rvm/rubies/ruby-1.9.3-p429/include/ruby-1.9.1/x86_64-darwin13.0.0 -I/Users/Nicollette/.rvm/rubies/ruby-1.9.3-p429/include/ruby-1.9.1/ruby/backward -I/Users/Nicollette/.rvm/rubies/ruby-1.9.3-p429/include/ruby-1.9.1 -I. -I/Applications/Postgres93.app/Contents/MacOS/include -D_XOPEN_SOURCE -D_DARWIN_C_SOURCE   -I/usr/local/opt/libyaml/include -I/usr/local/opt/readline/include -I/usr/local/opt/libxml2/include -I/usr/local/opt/libxslt/include -I/usr/local/opt/libksba/include -I/usr/local/opt/openssl/include  -O3 -ggdb -Wall -Wextra -Wno-unused-parameter -Wno-parentheses -Wno-long-long -Wno-missing-field-initializers -Wpointer-arith -Wwrite-strings -Wdeclaration-after-statement -Wshorten-64-to-32 -Wimplicit-function-declaration  -fno-common -pipe conftest.c  -L. -L/Users/Nicollette/.rvm/rubies/ruby-1.9.3-p429/lib -L/Applications/Postgres93.app/Contents/MacOS/lib -L/usr/local/opt/libyaml/lib -L/usr/local/opt/readline/lib -L/usr/local/opt/libxml2/lib -L/usr/local/opt/libxslt/lib -L/usr/local/opt/libksba/lib -L/usr/local/opt/openssl/lib -L.  -L/usr/local/opt/libyaml/lib -L/usr/local/opt/readline/lib -L/usr/local/opt/libxml2/lib -L/usr/local/opt/libxslt/lib -L/usr/local/opt/libksba/lib -L/usr/local/opt/openssl/lib  -Wl,-rpath,/Applications/Postgres93.app/Contents/MacOS/lib    -lpq  -lruby.1.9.1 -lpq  -lpthread -ldl -lobjc "
conftest.c: In function ‘t’:
conftest.c:4: error: ‘rb_w32_wrap_io_handle’ undeclared (first use in this function)
conftest.c:4: error: (Each undeclared identifier is reported only once
conftest.c:4: error: for each function it appears in.)
checked program was:
/* begin */
 1: #include "ruby.h"
 2: 
 3: /*top*/
 4: int t() { void ((*volatile p)()); p = (void ((*)()))rb_w32_wrap_io_handle; return 0; }
 5: int main(int argc, char **argv)
 6: {
 7:   if (argc > 1000000) {
 8:     printf("%p", &t);
 9:   }
10: 
11:   return 0;
12: }
/* end */

"/usr/local/bin/gcc-4.2 -o conftest -I/Users/Nicollette/.rvm/rubies/ruby-1.9.3-p429/include/ruby-1.9.1/x86_64-darwin13.0.0 -I/Users/Nicollette/.rvm/rubies/ruby-1.9.3-p429/include/ruby-1.9.1/ruby/backward -I/Users/Nicollette/.rvm/rubies/ruby-1.9.3-p429/include/ruby-1.9.1 -I. -I/Applications/Postgres93.app/Contents/MacOS/include -D_XOPEN_SOURCE -D_DARWIN_C_SOURCE   -I/usr/local/opt/libyaml/include -I/usr/local/opt/readline/include -I/usr/local/opt/libxml2/include -I/usr/local/opt/libxslt/include -I/usr/local/opt/libksba/include -I/usr/local/opt/openssl/include  -O3 -ggdb -Wall -Wextra -Wno-unused-parameter -Wno-parentheses -Wno-long-long -Wno-missing-field-initializers -Wpointer-arith -Wwrite-strings -Wdeclaration-after-statement -Wshorten-64-to-32 -Wimplicit-function-declaration  -fno-common -pipe conftest.c  -L. -L/Users/Nicollette/.rvm/rubies/ruby-1.9.3-p429/lib -L/Applications/Postgres93.app/Contents/MacOS/lib -L/usr/local/opt/libyaml/lib -L/usr/local/opt/readline/lib -L/usr/local/opt/libxml2/lib -L/usr/local/opt/libxslt/lib -L/usr/local/opt/libksba/lib -L/usr/local/opt/openssl/lib -L.  -L/usr/local/opt/libyaml/lib -L/usr/local/opt/readline/lib -L/usr/local/opt/libxml2/lib -L/usr/local/opt/libxslt/lib -L/usr/local/opt/libksba/lib -L/usr/local/opt/openssl/lib  -Wl,-rpath,/Applications/Postgres93.app/Contents/MacOS/lib    -lpq  -lruby.1.9.1 -lpq  -lpthread -ldl -lobjc "
conftest.c: In function ‘t’:
conftest.c:4: warning: implicit declaration of function ‘rb_w32_wrap_io_handle’
Undefined symbols for architecture x86_64:
  "_rb_w32_wrap_io_handle", referenced from:
      _t in cc9DMzFD.o
ld: symbol(s) not found for architecture x86_64
collect2: ld returned 1 exit status
checked program was:
/* begin */
 1: #include "ruby.h"
 2: 
 3: /*top*/
 4: int t() { rb_w32_wrap_io_handle(); return 0; }
 5: int main(int argc, char **argv)
 6: {
 7:   if (argc > 1000000) {
 8:     printf("%p", &t);
 9:   }
10: 
11:   return 0;
12: }
/* end */

--------------------

have_const: checking for PGRES_COPY_BOTH in libpq-fe.h... -------------------- yes

"/usr/local/bin/gcc-4.2 -I/Users/Nicollette/.rvm/rubies/ruby-1.9.3-p429/include/ruby-1.9.1/x86_64-darwin13.0.0 -I/Users/Nicollette/.rvm/rubies/ruby-1.9.3-p429/include/ruby-1.9.1/ruby/backward -I/Users/Nicollette/.rvm/rubies/ruby-1.9.3-p429/include/ruby-1.9.1 -I. -I/Applications/Postgres93.app/Contents/MacOS/include -D_XOPEN_SOURCE -D_DARWIN_C_SOURCE   -I/usr/local/opt/libyaml/include -I/usr/local/opt/readline/include -I/usr/local/opt/libxml2/include -I/usr/local/opt/libxslt/include -I/usr/local/opt/libksba/include -I/usr/local/opt/openssl/include  -O3 -ggdb -Wall -Wextra -Wno-unused-parameter -Wno-parentheses -Wno-long-long -Wno-missing-field-initializers -Wpointer-arith -Wwrite-strings -Wdeclaration-after-statement -Wshorten-64-to-32 -Wimplicit-function-declaration  -fno-common -pipe   -c conftest.c"
checked program was:
/* begin */
1: #include "ruby.h"
2: 
3: #include <libpq-fe.h>
4: 
5: /*top*/
6: typedef int conftest_type;
7: conftest_type conftestval = (int)PGRES_COPY_BOTH;
/* end */

--------------------

have_const: checking for PGRES_SINGLE_TUPLE in libpq-fe.h... -------------------- yes

"/usr/local/bin/gcc-4.2 -I/Users/Nicollette/.rvm/rubies/ruby-1.9.3-p429/include/ruby-1.9.1/x86_64-darwin13.0.0 -I/Users/Nicollette/.rvm/rubies/ruby-1.9.3-p429/include/ruby-1.9.1/ruby/backward -I/Users/Nicollette/.rvm/rubies/ruby-1.9.3-p429/include/ruby-1.9.1 -I. -I/Applications/Postgres93.app/Contents/MacOS/include -D_XOPEN_SOURCE -D_DARWIN_C_SOURCE   -I/usr/local/opt/libyaml/include -I/usr/local/opt/readline/include -I/usr/local/opt/libxml2/include -I/usr/local/opt/libxslt/include -I/usr/local/opt/libksba/include -I/usr/local/opt/openssl/include  -O3 -ggdb -Wall -Wextra -Wno-unused-parameter -Wno-parentheses -Wno-long-long -Wno-missing-field-initializers -Wpointer-arith -Wwrite-strings -Wdeclaration-after-statement -Wshorten-64-to-32 -Wimplicit-function-declaration  -fno-common -pipe   -c conftest.c"
checked program was:
/* begin */
1: #include "ruby.h"
2: 
3: #include <libpq-fe.h>
4: 
5: /*top*/
6: typedef int conftest_type;
7: conftest_type conftestval = (int)PGRES_SINGLE_TUPLE;
/* end */

--------------------

have_const: checking for PG_DIAG_TABLE_NAME in libpq-fe.h... -------------------- yes

"/usr/local/bin/gcc-4.2 -I/Users/Nicollette/.rvm/rubies/ruby-1.9.3-p429/include/ruby-1.9.1/x86_64-darwin13.0.0 -I/Users/Nicollette/.rvm/rubies/ruby-1.9.3-p429/include/ruby-1.9.1/ruby/backward -I/Users/Nicollette/.rvm/rubies/ruby-1.9.3-p429/include/ruby-1.9.1 -I. -I/Applications/Postgres93.app/Contents/MacOS/include -D_XOPEN_SOURCE -D_DARWIN_C_SOURCE   -I/usr/local/opt/libyaml/include -I/usr/local/opt/readline/include -I/usr/local/opt/libxml2/include -I/usr/local/opt/libxslt/include -I/usr/local/opt/libksba/include -I/usr/local/opt/openssl/include  -O3 -ggdb -Wall -Wextra -Wno-unused-parameter -Wno-parentheses -Wno-long-long -Wno-missing-field-initializers -Wpointer-arith -Wwrite-strings -Wdeclaration-after-statement -Wshorten-64-to-32 -Wimplicit-function-declaration  -fno-common -pipe   -c conftest.c"
checked program was:
/* begin */
1: #include "ruby.h"
2: 
3: #include <libpq-fe.h>
4: 
5: /*top*/
6: typedef int conftest_type;
7: conftest_type conftestval = (int)PG_DIAG_TABLE_NAME;
/* end */

--------------------

have_struct_member: checking for struct pgNotify.extra in libpq-fe.h... -------------------- yes

"/usr/local/bin/gcc-4.2 -I/Users/Nicollette/.rvm/rubies/ruby-1.9.3-p429/include/ruby-1.9.1/x86_64-darwin13.0.0 -I/Users/Nicollette/.rvm/rubies/ruby-1.9.3-p429/include/ruby-1.9.1/ruby/backward -I/Users/Nicollette/.rvm/rubies/ruby-1.9.3-p429/include/ruby-1.9.1 -I. -I/Applications/Postgres93.app/Contents/MacOS/include -D_XOPEN_SOURCE -D_DARWIN_C_SOURCE   -I/usr/local/opt/libyaml/include -I/usr/local/opt/readline/include -I/usr/local/opt/libxml2/include -I/usr/local/opt/libxslt/include -I/usr/local/opt/libksba/include -I/usr/local/opt/openssl/include  -O3 -ggdb -Wall -Wextra -Wno-unused-parameter -Wno-parentheses -Wno-long-long -Wno-missing-field-initializers -Wpointer-arith -Wwrite-strings -Wdeclaration-after-statement -Wshorten-64-to-32 -Wimplicit-function-declaration  -fno-common -pipe   -c conftest.c"
checked program was:
/* begin */
 1: #include "ruby.h"
 2: 
 3: #include <libpq-fe.h>
 4: 
 5: /*top*/
 6: int s = (char *)&((struct pgNotify*)0)->extra - (char *)0;
 7: int main(int argc, char **argv)
 8: {
 9:   if (argc > 1000000) {
10:     printf("%p", &s);
11:   }
12: 
13:   return 0;
14: }
/* end */

--------------------

have_header: checking for unistd.h... -------------------- yes

"/usr/local/bin/gcc-4.2 -E -I/Users/Nicollette/.rvm/rubies/ruby-1.9.3-p429/include/ruby-1.9.1/x86_64-darwin13.0.0 -I/Users/Nicollette/.rvm/rubies/ruby-1.9.3-p429/include/ruby-1.9.1/ruby/backward -I/Users/Nicollette/.rvm/rubies/ruby-1.9.3-p429/include/ruby-1.9.1 -I. -I/Applications/Postgres93.app/Contents/MacOS/include -D_XOPEN_SOURCE -D_DARWIN_C_SOURCE   -I/usr/local/opt/libyaml/include -I/usr/local/opt/readline/include -I/usr/local/opt/libxml2/include -I/usr/local/opt/libxslt/include -I/usr/local/opt/libksba/include -I/usr/local/opt/openssl/include  -O3 -ggdb -Wall -Wextra -Wno-unused-parameter -Wno-parentheses -Wno-long-long -Wno-missing-field-initializers -Wpointer-arith -Wwrite-strings -Wdeclaration-after-statement -Wshorten-64-to-32 -Wimplicit-function-declaration  -fno-common -pipe  conftest.c -o conftest.i"
checked program was:
/* begin */
1: #include "ruby.h"
2: 
3: #include <unistd.h>
/* end */

--------------------

have_header: checking for ruby/st.h... -------------------- yes

"/usr/local/bin/gcc-4.2 -E -I/Users/Nicollette/.rvm/rubies/ruby-1.9.3-p429/include/ruby-1.9.1/x86_64-darwin13.0.0 -I/Users/Nicollette/.rvm/rubies/ruby-1.9.3-p429/include/ruby-1.9.1/ruby/backward -I/Users/Nicollette/.rvm/rubies/ruby-1.9.3-p429/include/ruby-1.9.1 -I. -I/Applications/Postgres93.app/Contents/MacOS/include -D_XOPEN_SOURCE -D_DARWIN_C_SOURCE   -I/usr/local/opt/libyaml/include -I/usr/local/opt/readline/include -I/usr/local/opt/libxml2/include -I/usr/local/opt/libxslt/include -I/usr/local/opt/libksba/include -I/usr/local/opt/openssl/include  -O3 -ggdb -Wall -Wextra -Wno-unused-parameter -Wno-parentheses -Wno-long-long -Wno-missing-field-initializers -Wpointer-arith -Wwrite-strings -Wdeclaration-after-statement -Wshorten-64-to-32 -Wimplicit-function-declaration  -fno-common -pipe  conftest.c -o conftest.i"
checked program was:
/* begin */
1: #include "ruby.h"
2: 
3: #include <ruby/st.h>
/* end */

--------------------

extconf.h is:
/* begin */
 1: #ifndef EXTCONF_H
 2: #define EXTCONF_H
 3: #define HAVE_PQCONNECTIONUSEDPASSWORD 1
 4: #define HAVE_PQISTHREADSAFE 1
 5: #define HAVE_PQPREPARE 1
 6: #define HAVE_PQEXECPARAMS 1
 7: #define HAVE_PQESCAPESTRING 1
 8: #define HAVE_PQESCAPESTRINGCONN 1
 9: #define HAVE_PQESCAPELITERAL 1
10: #define HAVE_PQESCAPEIDENTIFIER 1
11: #define HAVE_PQGETCANCEL 1
12: #define HAVE_LO_CREATE 1
13: #define HAVE_PG_ENCODING_TO_CHAR 1
14: #define HAVE_PG_CHAR_TO_ENCODING 1
15: #define HAVE_PQSETCLIENTENCODING 1
16: #define HAVE_PQLIBVERSION 1
17: #define HAVE_PQPING 1
18: #define HAVE_PQSETSINGLEROWMODE 1
19: #define HAVE_RB_ENCDB_ALIAS 1
20: #define HAVE_RB_THREAD_CALL_WITHOUT_GVL 1
21: #define HAVE_RB_THREAD_CALL_WITH_GVL 1
22: #define HAVE_RB_THREAD_FD_SELECT 1
23: #define HAVE_CONST_PGRES_COPY_BOTH 1
24: #define HAVE_CONST_PGRES_SINGLE_TUPLE 1
25: #define HAVE_CONST_PG_DIAG_TABLE_NAME 1
26: #define HAVE_STRUCT_PGNOTIFY_EXTRA 1
27: #define HAVE_ST_EXTRA 1
28: #define HAVE_ST_NOTIFY_EXTRA 1
29: #define HAVE_UNISTD_H 1
30: #define HAVE_RUBY_ST_H 1
31: #endif
/* end */

